[2012-09-25 17:41:18] Handler: LoginServer listening on port 7979
[2012-09-25 17:41:18] Handler: ShardServer listening on port 20060
[2012-09-25 17:41:18] Handler: TimeServer listening on port 20066
[2012-09-25 17:41:18] Handler: PlatformServer listening on port 8080
[2012-09-25 17:41:18] Handler: Listen ex: The system cannot find the path specified.

[2012-09-25 17:41:42] Handler: LoginServer listening on port 7979
[2012-09-25 17:41:42] Handler: ShardServer listening on port 20060
[2012-09-25 17:41:42] Handler: TimeServer listening on port 20066
[2012-09-25 17:41:42] Handler: PlatformServer listening on port 8080
[2012-09-25 17:41:50] Handler: Client '14099154' connected to LoginServer
[2012-09-25 17:41:50] Router: 
   04 0A 04 00 00 0A 7F 01 00 00 39 37 32 44 32 39 41 41 | ..........972D29AA
   35 39 30 33 39 39 36 35 35 42 34 38 43 32 30 36 38 35 | 590399655B48C20685
   39 36 33 38 42 36 31 32 32 44 44 30 33 43 34 41 31 44 | 9638B6122DD03C4A1D
   39 34 42 31 44 35 45 39 44 46 30 32 46 38 43 32 35 34 | 94B1D5E9DF02F8C254
   35 38 43 41 31 34 34 44 30 41 42 44 33 38 42 43 30 44 | 58CA144D0ABD38BC0D
   46 44 34 36 41 44 39 43 46 35 46 30 42 39 30 41 42 42 | FD46AD9CF5F0B90ABB
   32 41 31 41 44 30 42 35 43 43 31 46 39 31 37 31 41 39 | 2A1AD0B5CC1F9171A9
   43 32 39 38 35 34 33 45 30 46 42 44 34 34 35 38 46 41 | C298543E0FBD4458FA
   41 37 32 44 35 41 36 43 31 41 33 43 42 32 39 34 43 32 | A72D5A6C1A3CB294C2
   34 43 32 35 41 44 41 43 39 33 36 45 41 33 34 46 31 38 | 4C25ADAC936EA34F18
   45 39 43 44 41 42 32 30 42 42 32 36 37 37 37 35 31 36 | E9CDAB20BB26777516
   35 39 34 46 37 45 38 30 44 32 32 41 34 43 31 31 44 34 | 594F7E80D22A4C11D4
   32 45 30 39 45 42 42 33 45 31 35 45 38 33 42 45 44 30 | 2E09EBB3E15E83BED0
   44 34 36 37 46 45 31 38 30 36 34 38 30 32 31 37 39 34 | D467FE180648021794
   34 30 39 30 39 32 34 32 38 43 32 44 43 39 45 43 35 44 | 409092428C2DC9EC5D
   33 41 30 45 34 45 45 39 37 33 44 31 34 44 30 32 38 42 | 3A0E4EE973D14D028B
   41 32 36 37 33 33 35 42 34 46 36 35 35 45 30 35 39 41 | A267335B4F655E059A
   43 38 31 37 41 33 44 42 35 41 46 46 31 42 42 32 43 43 | C817A3DB5AFF1BB2CC
   42 39 39 45 41 32 39 36 31 36 44 42 34 37 43 42 32 34 | B99EA29616DB47CB24
   44 38 35 34 31 33 37 42 34 37 33 44 37 35 44 37 46 33 | D854137B473D75D7F3
   34 32 46 44 36 46 32 34 35 31 35 38 35 32 33 32 41 45 | 42FD6F2451585232AE
   45 34 33 31 39 42 39 45 46 35 45 32 37 34 42 42 41 41 | E4319B9EF5E274BBAA
   31 30 38 32 32 45 34 39 34 34 33 37 35 31 30 32 30 32 | 10822E494437510202
   45 34 31 38 33 46 31 32 30 45 46 36 34 37 39 45 43 42 | E4183F120EF6479ECB
   43 33 37 45 42 32 46 46 38 42 44 37 30 43 46 42 32 31 | C37EB2FF8BD70CFB21
   32 37 39 36 33 44 39 43 46 35 42 37 41 34 37 44 37 36 | 27963D9CF5B7A47D76
   35 42 39 44 41 34 37 38 33 37 30 38 43 39 44 37 43 41 | 5B9DA4783708C9D7CA
   44 33 35 32 32 45 33 30 42 32 43 44 42 41 37 41 37 32 | D3522E30B2CDBA7A72
   31 32 33 32 39 37 39 44 44 35 33 41 43 33 31 46 45 31 | 1232979DD53AC31FE1
   35 37 44 46 35 31 46 36 39 36 32 43 39 45 33 36 36 30 | 57DF51F6962C9E3660
   33 39 43 34 45 42 36 36 43 34 34 42 38 33 32 35 30 44 | 39C4EB66C44B83250D
   37 38 36 43 31 37 45 30 42 38 39 31 44 33 34 32 45 35 | 786C17E0B891D342E5
   44 33 33 34 44 35 34 45 42 33 32 43 41 44 44 43 30 36 | D334D54EB32CADDC06
   41 41 32 46 35 36 37 43 34 31 38 36 46 33 33 45 35 37 | AA2F567C4186F33E57
   31 39 37 32 31 35 30 31 45 41 33 34 34 46 44 41 43 36 | 19721501EA344FDAC6
   42 33 42 43 30 45 46 33 42 46 45 44 42 43 44 46 46 42 | B3BC0EF3BFEDBCDFFB
   33 31 44 46 38 37 32 30 30 41 45 44 38 32 32 42 44 30 | 31DF87200AED822BD0
   31 44 46 33 43 36 30 36 31 38 45 38 30 44 32 35 37 32 | 1DF3C60618E80D2572
   43 41 42 31 32 36 32 36 44 46 38 34 36 36 45 42 37 38 | CAB12626DF8466EB78
   46 32 42 36 43 37 41 30 32 43 45 42 31 39 44 45 36 43 | F2B6C7A02CEB19DE6C
   46 33 37 30 37 35 46 41 39 30 42 44 36 44 30 44 31 31 | F37075FA90BD6D0D11
   41 46 43 35 45 41 44 35 46 38 32 34 32 44 38 32 42 37 | AFC5EAD5F8242D82B7
   39 45 33 34 34 45 31 43 37 33 41 35 32 38 35 30 34 42 | 9E344E1C73A528504B
   32 37 35 44 43 33 31 33 44 36 34 32 35 41 32 42 35 43 | 275DC313D6425A2B5C
   33 42 32 36 45 43 39 35 46 36 35 38 38 42 33 31 43 37 | 3B26EC95F6588B31C7
   35 45 36 30 33 37 34 38 43 43 37 42 45 31 33 46 35 33 | 5E603748CC7BE13F53
   46 35 32 30 38 32 39 41 37 34 30 38 41 41 45 38 31 41 | F520829A7408AAE81A
   39 39 42 36 37 43 41 30 37 44 37 42 44 32 37 32 33 45 | 99B67CA07D7BD2723E
   34 44 42 45 42 41 44 37 30 34 45 34 39 43 41 46 42 45 | 4DBEBAD704E49CAFBE
   38 41 35 45 39 44 44 42 33 33 42 30 30 46 46 41 36 44 | 8A5E9DDB33B00FFA6D
   42 44 45 36 44 33 46 36 39 31 38 30 33 32 30 33 34 37 | BDE6D3F69180320347
   38 44 44 46 41 35 38 43 38 42 31 46 31 30 30 34 31 34 | 8DDFA58C8B1F100414
   34 36 31 39 46 39 33 31 32 43 44 42 38 30 44 43 30 43 | 4619F9312CDB80DC0C
   31 46 39 46 33 36 42 35 34 34 36 38 39 38 44 44 34 43 | 1F9F36B5446898DD4C
   36 41 32 34 44 38 46 36 45 46 35 37 30 30 34 44 39 36 | 6A24D8F6EF57004D96
   39 32 42 34 30 44 34 35 34 31 30 39 35 35 41 41 32 43 | 92B40D45410955AA2C
   37 31 31 34 39 30 43 34 37 44 34 36 37 42 43 31 38 34 | 711490C47D467BC184
   46 35 30 36 32 38 46 42                               | F50628FB

[2012-09-25 17:42:22] Handler: LoginServer listening on port 7979
[2012-09-25 17:42:22] Handler: ShardServer listening on port 20060
[2012-09-25 17:42:22] Handler: TimeServer listening on port 20066
[2012-09-25 17:42:22] Handler: PlatformServer listening on port 8080
[2012-09-25 17:42:29] Handler: Client '14716523' connected to LoginServer
[2012-09-25 17:42:29] Router: 
   04 0A 04 00 00 0A 7F 01 00 00 41 45 46 46 35 39 42 43 | ..........AEFF59BC
   31 43 42 45 38 44 35 44 36 32 38 39 44 30 44 30 39 41 | 1CBE8D5D6289D0D09A
   32 43 45 38 41 35 34 31 39 41 31 34 33 30 42 38 42 41 | 2CE8A5419A1430B8BA
   43 38 44 44 30 37 39 45 38 37 36 44 35 35 33 30 45 36 | C8DD079E876D5530E6
   36 35 45 37 33 39 39 38 43 42 44 36 30 41 30 46 36 31 | 65E73998CBD60A0F61
   30 46 39 30 46 31 42 38 34 38 31 32 30 32 46 45 33 41 | 0F90F1B8481202FE3A
   34 45 33 34 31 39 46 32 43 37 41 31 39 36 31 45 30 30 | 4E3419F2C7A1961E00
   42 31 44 41 33 38 31 33 34 33 41 42 34 32 33 44 35 31 | B1DA381343AB423D51
   32 34 32 41 39 41 38 32 45 30 38 35 46 33 45 30 32 46 | 242A9A82E085F3E02F
   34 31 46 45 35 44 45 30 42 32 44 45 39 41 41 37 43 36 | 41FE5DE0B2DE9AA7C6
   43 46 42 37 36 46 35 44 46 32 36 37 30 42 44 36 42 43 | CFB76F5DF2670BD6BC
   36 33 30 33 35 44 34 31 31 43 41 41 31 35 32 42 37 32 | 63035D411CAA152B72
   32 39 43 32 37 39 33 38 30 31 46 32 42 32 41 44 44 39 | 29C2793801F2B2ADD9
   41 30 38 36 37 41 30 36 39 42 32 37 34 44 44 45 32 42 | A0867A069B274DDE2B
   38 33 43 32 44 33 42 46 44 43 38 44 43 34 31 44 30 44 | 83C2D3BFDC8DC41D0D
   36 45 36 34 45 37 32 33 38 41 36 35 45 33 36 33 46 39 | 6E64E7238A65E363F9
   46 42 38 45 35 44 35 39 38 39 45 30 36 38 38 33 42 32 | FB8E5D5989E06883B2
   35 33 38 35 41 41 42 37 34 43 34 34 34 39 39 41 35 44 | 5385AAB74C44499A5D
   39 43 33 37 31 31 43 44 37 32 37 44 31 36 42 36 31 33 | 9C3711CD727D16B613
   44 32 30 30 43 32 41 38 46 41 41 38 43 35 34 32 44 36 | D200C2A8FAA8C542D6
   44 46 34 43 39 44 43 36 42 38 31 38 34 43 33 39 45 38 | DF4C9DC6B8184C39E8
   45 42 31 45 45 41 39 34 36 35 33 36 45 42 45 46 42 43 | EB1EEA946536EBEFBC
   31 35 46 34 44 38 37 42 39 35 42 32 41 34 46 37 44 46 | 15F4D87B95B2A4F7DF
   45 45 39 34 34 46 39 42 33 42 41 36 43 41 39 39 35 41 | EE944F9B3BA6CA995A
   31 38 35 33 33 44 34 44 46 35 31 37 37 37 41 39 30 36 | 18533D4DF51777A906
   42 31 45 36 41 30 32 34 35 32 32 46 46 38 39 30 43 32 | B1E6A024522FF890C2
   34 45 33 42 44 34 41 38 41 41 46 41 35 34 41 43 36 32 | 4E3BD4A8AAFA54AC62
   31 46 42 44 42 37 36 33 31 31 33 46 34 32 34 35 30 37 | 1FBDB763113F424507
   42 35 36 30 44 35 41 41 46 45 41 33 31 30 45 42 39 37 | B560D5AAFEA310EB97
   31 42 34 33 38 34 35 36 42 36 42 44 46 43 33 30 46 32 | 1B438456B6BDFC30F2
   45 42 32 45 42 33 41 44 46 39 33 41 45 41 32 42 38 32 | EB2EB3ADF93AEA2B82
   32 46 39 42 38 35 41 41 39 37 39 46 44 31 33 41 34 35 | 2F9B85AA979FD13A45
   42 35 30 32 36 46 45 31 34 38 32 30 44 42 33 39 33 38 | B5026FE14820DB3938
   45 41 30 42 36 36 30 43 45 43 34 37 33 34 36 44 46 32 | EA0B660CEC47346DF2
   32 35 34 35 34 31 34 30 46 31 38 31 33 42 33 36 32 37 | 25454140F1813B3627
   31 45 41 35 42 31 36 41 45 32 39 39 41 39 43 36 37 46 | 1EA5B16AE299A9C67F
   34 44 39 44 42 38 41 45 30 41 39 38 37 36 46 34 38 38 | 4D9DB8AE0A9876F488
   33 36 35 30 46 45 46 43 33 45 36 30 45 45 46 33 44 33 | 3650FEFC3E60EEF3D3
   42 32 31 33 42 34 36 35 34 36 41 45 39 39 36 42 31 41 | B213B46546AE996B1A
   43 32 34 43 36 31 46 36 31 30 31 41 35 38 30 30 45 43 | C24C61F6101A5800EC
   31 46 30 44 39 45 46 35 35 31 39 31 34 44 45 37 41 42 | 1F0D9EF551914DE7AB
   46 38 45 42 34 37 33 37 44 35 44 41 46 45 42 46 39 45 | F8EB4737D5DAFEBF9E
   43 44 33 41 39 30 38 41 34 41 33 39 45 39 46 33 34 30 | CD3A908A4A39E9F340
   35 46 42 42 45 31 35 34 37 39 45 41 30 45 36 36 30 34 | 5FBBE15479EA0E6604
   32 36 36 37 42 37 42 46 38 31 34 41 35 33 43 44 38 33 | 2667B7BF814A53CD83
   41 32 45 43 34 32 33 42 32 38 39 38 44 37 38 38 41 42 | A2EC423B2898D788AB
   31 45 44 31 33 41 31 45 32 38 35 41 32 42 36 42 34 42 | 1ED13A1E285A2B6B4B
   35 35 46 42 31 39 42 36 43 37 33 41 34 31 45 31 43 30 | 55FB19B6C73A41E1C0
   41 41 31 31 46 35 46 38 38 38 33 46 46 30 36 46 35 37 | AA11F5F8883FF06F57
   46 39 38 36 35 32 44 32 32 32 31 39 41 44 44 38 42 33 | F98652D22219ADD8B3
   42 42 35 33 38 34 31 42 41 44 38 35 43 46 43 31 34 45 | BB53841BAD85CFC14E
   30 39 37 45 33 44 30 37 45 38 39 32 37 37 42 36 44 31 | 097E3D07E89277B6D1
   45 32 34 39 39 46 46 42 42 42 46 39 39 45 46 44 46 42 | E2499FFBBBF99EFDFB
   43 31 36 45 31 45 33 43 30 31 46 45 32 35 46 33 35 32 | C16E1E3C01FE25F352
   46 30 30 39 36 38 35 35 30 31 37 35 30 30 46 46 32 38 | F0096855017500FF28
   42 35 36 32 31 46 36 30 36 32 46 32 43 43 39 35 43 33 | B5621F6062F2CC95C3
   43 42 44 41 34 31 41 44 38 32 43 39 39 38 35 43 42 45 | CBDA41AD82C9985CBE
   36 41 32 36 31 33 35 46                               | 6A26135F

[2012-09-25 17:49:13] Handler: LoginServer listening on port 7979
[2012-09-25 17:49:14] Handler: ShardServer listening on port 20060
[2012-09-25 17:49:14] Handler: TimeServer listening on port 20066
[2012-09-25 17:49:14] Handler: PlatformServer listening on port 8080
[2012-09-25 17:49:16] Handler: LoginServer listening on port 7979
[2012-09-25 17:49:16] Handler: ShardServer listening on port 20060
[2012-09-25 17:49:16] Handler: TimeServer listening on port 20066
[2012-09-25 17:49:17] Handler: PlatformServer listening on port 8080
[2012-09-25 17:50:03] Handler: Client '10942724' connected to LoginServer
[2012-09-25 17:50:04] Handler: Client '10942724' disconnected from LoginServer
[2012-09-25 17:52:32] Handler: LoginServer listening on port 7979
[2012-09-25 17:52:32] Handler: ShardServer listening on port 20060
[2012-09-25 17:52:32] Handler: TimeServer listening on port 20066
[2012-09-25 17:52:32] Handler: PlatformServer listening on port 8080
[2012-09-25 17:52:53] Handler: Client '6650916' connected to LoginServer
[2012-09-25 18:17:37] Handler: LoginServer listening on port 7979
[2012-09-25 18:17:37] Handler: ShardServer listening on port 20060
[2012-09-25 18:17:37] Handler: TimeServer listening on port 20066
[2012-09-25 18:17:37] Handler: PlatformServer listening on port 8080
[2012-09-25 18:17:39] Handler: Client '1883554' connected to LoginServer
[2012-09-25 18:50:08] Handler: LoginServer listening on port 7979
[2012-09-25 18:50:08] Handler: ShardServer listening on port 20060
[2012-09-25 18:50:08] Handler: TimeServer listening on port 20066
[2012-09-25 18:50:08] Handler: PlatformServer listening on port 8080
[2012-09-25 18:51:05] Handler: Client '7259902' connected to LoginServer
[2012-09-25 18:51:30] Handler: LoginServer listening on port 7979
[2012-09-25 18:51:30] Handler: ShardServer listening on port 20060
[2012-09-25 18:51:30] Handler: TimeServer listening on port 20066
[2012-09-25 18:51:30] Handler: PlatformServer listening on port 8080
[2012-09-25 18:51:50] Handler: Client '13272521' connected to LoginServer
[2012-09-25 18:51:50] Router: 
   04 0A 04 00 00 0A 7F 01 00 00 37 46 46 46 30 35 39 45 | ..........7FFF059E
   35 32 41 43 38 46 31 45 30 38 41 37 45 39 42 31 46 42 | 52AC8F1E08A7E9B1FB
   33 30 31 41 41 38 39 31 38 41 41 37 30 32 38 42 45 43 | 301AA8918AA7028BEC
   41 34 41 38 44 33 33 37 45 32 41 33 38 38 42 30 32 34 | A4A8D337E2A388B024
   38 31 30 43 43 32 35 33 44 30 36 43 36 33 44 39 36 45 | 810CC253D06C63D96E
   30 31 36 46 33 35 36 45 46 45 35 33 42 38 42 36 37 41 | 016F356EFE53B8B67A
   39 31 36 31 34 46 33 31 37 35 31 30 41 46 46 45 34 35 | 91614F317510AFFE45
   45 41 43 46 41 46 39 35 41 44 36 39 37 36 38 43 43 30 | EACFAF95AD69768CC0
   33 33 34 34 43 32 44 31 42 38 43 37 35 38 43 41 42 41 | 3344C2D1B8C758CABA
   37 35 42 32 37 37 33 31 36 30 37 30 46 33 37 32 42 39 | 75B277316070F372B9
   30 35 36 30 30 32 35 37 30 32 32 43 31 34 39 33 33 35 | 05600257022C149335
   39 46 36 42 41 46 37 46 35 34 44 35 32 31 41 36 41 42 | 9F6BAF7F54D521A6AB
   43 39 33 41 42 44 37 37 34 38 30 36 41 46 44 44 38 45 | C93ABD774806AFDD8E
   33 41 39 35 31 39 41 44 37 43 43 42 30 38 30 42 37 43 | 3A9519AD7CCB080B7C
   31 42 43 36 34 36 30 39 33 36 44 37 39 34 36 44 38 38 | 1BC6460936D7946D88
   38 36 38 33 32 43 32 42 45 45 32 35 32 33 34 34 30 38 | 86832C2BEE25234408
   38 45 37 44 32 39 31 35 30 46 43 37 42 35 32 32 39 43 | 8E7D29150FC7B5229C
   33 36 36 46 39 36 36 43 41 34 45 37 32 46 43 35 33 30 | 366F966CA4E72FC530
   36 34 36 42 44 46 39 43 42 36 32 44 42 45 30 31 36 32 | 646BDF9CB62DBE0162
   45 42 33 41 37 39 41 36 46 34 37 30 38 36 32 36 46 43 | EB3A79A6F4708626FC
   37 44 44 37 39 35 33 44 44 44 31 31 46 38 37 38 37 42 | 7DD7953DDD11F8787B
   39 31 39 38 32 43 43 30 41 32 45 30 39 42 46 35 38 37 | 91982CC0A2E09BF587
   46 38 46 33 45 46 34 43 43 42 38 38 33 33 39 34 30 41 | F8F3EF4CCB8833940A
   34 43 36 43 38 38 44 32 38 41 31 36 33 38 46 32 46 38 | 4C6C88D28A1638F2F8
   45 46 46 33 35 33 39 45 35 46 38 31 45 34 46 34 35 35 | EFF3539E5F81E4F455
   33 31 34 31 31 32 37 32 36 44 41 32 39 35 36 37 39 33 | 314112726DA2956793
   45 39 33 33 41 44 34 45 45 33 38 41 41 37 39 34 35 30 | E933AD4EE38AA79450
   43 37 39 37 37 38 32 46 37 30 34 37 30 32 44 37 33 35 | C797782F704702D735
   34 39 31 38 43 46 39 38 36 31 46 31 35 34 33 39 31 38 | 4918CF9861F1543918
   32 42 44 38 41 33 41 46 31 42 38 36 45 33 37 46 32 42 | 2BD8A3AF1B86E37F2B
   36 43 33 35 34 45 39 35 38 38 46 34 46 46 35 34 33 45 | 6C354E9588F4FF543E
   43 45 36 33 46 45 33 36 30 32 39 42 45 30 39 43 32 43 | CE63FE36029BE09C2C
   38 37 36 37 30 44 30 31 31 30 39 36 42 42 46 46 36 30 | 87670D011096BBFF60
   38 46 38 45 33 34 39 36 44 31 42 30 45 37 45 38 31 37 | 8F8E3496D1B0E7E817
   36 33 30 39 39 36 34 34 34 37 44 39 38 42 32 41 36 44 | 6309964447D98B2A6D
   30 37 44 33 43 31 37 45 35 44 42 30 45 31 38 38 37 46 | 07D3C17E5DB0E1887F
   46 34 35 35 44 34 36 45 38 44 32 35 37 45 31 37 39 37 | F455D46E8D257E1797
   37 46 34 33 45 37 43 42 32 39 39 31 45 30 35 38 37 35 | 7F43E7CB2991E05875
   34 30 38 37 44 35 41 45 42 44 43 44 42 46 41 30 42 35 | 4087D5AEBDCDBFA0B5
   32 42 38 42 31 31 31 31 34 46 32 36 45 37 36 32 46 42 | 2B8B11114F26E762FB
   38 45 30 44 35 36 46 43 39 37 34 45 33 45 30 38 39 34 | 8E0D56FC974E3E0894
   32 39 35 43 39 41 32 31 30 41 39 46 39 30 39 42 44 39 | 295C9A210A9F909BD9
   42 30 33 34 42 34 35 39 46 42 39 34 33 42 39 45 33 35 | B034B459FB943B9E35
   44 43 44 37 39 43 45 46 42 39 31 41 36 32 44 32 43 37 | DCD79CEFB91A62D2C7
   44 45 33 36 43 32 46 36 44 41 39 34 36 41 38 32 38 36 | DE36C2F6DA946A8286
   35 35 39 32 46 44 38 37 37 43 32 37 30 39 42 34 30 37 | 5592FD877C2709B407
   34 30 30 39 46 43 46 36 45 46 36 33 32 46 34 31 35 36 | 4009FCF6EF632F4156
   42 38 45 36 31 36 30 39 41 32 45 42 45 39 46 39 39 31 | B8E61609A2EBE9F991
   42 33 43 46 34 38 46 38 44 44 37 42 41 31 30 36 33 41 | B3CF48F8DD7BA1063A
   34 39 42 46 36 38 35 34 42 41 32 46 30 31 44 32 34 39 | 49BF6854BA2F01D249
   37 46 39 30 44 36 41 30 33 42 45 31 30 38 42 33 46 46 | 7F90D6A03BE108B3FF
   39 31 46 33 43 41 38 32 39 38 36 33 30 45 30 44 33 36 | 91F3CA8298630E0D36
   36 34 38 42 37 35 37 36 34 37 32 44 43 42 46 30 38 46 | 648B7576472DCBF08F
   34 41 44 45 34 33 42 37 43 33 41 38 30 39 33 44 43 31 | 4ADE43B7C3A8093DC1
   36 38 43 31 33 37 39 34 43 35 44 34 45 43 35 39 35 33 | 68C13794C5D4EC5953
   37 45 34 44 39 46 46 35 46 36 30 30 35 43 46 30 43 46 | 7E4D9FF5F6005CF0CF
   46 34 36 32 33 44 42 41 35 45 31 33 43 43 31 32 44 43 | F4623DBA5E13CC12DC
   37 44 41 34 30 30 44 35                               | 7DA400D5

[2012-09-25 18:52:22] Handler: Client '13272521' disconnected from LoginServer
[2012-09-25 18:53:04] Handler: LoginServer listening on port 7979
[2012-09-25 18:53:04] Handler: ShardServer listening on port 20060
[2012-09-25 18:53:04] Handler: TimeServer listening on port 20066
[2012-09-25 18:53:04] Handler: PlatformServer listening on port 8080
[2012-09-25 18:53:07] Handler: Client '964436' connected to LoginServer
[2012-09-25 18:53:07] Router: 
   04 0A 04 00 00 0A 7F 01 00 00 32 38 35 39 39 32 34 32 | ..........28599242
   35 36 43 45 36 43 34 46 38 31 35 31 45 30 38 32 42 38 | 56CE6C4F8151E082B8
   39 44 38 46 43 43 45 37 33 32 41 32 33 44 33 37 37 45 | 9D8FCCE732A23D377E
   34 37 46 44 35 42 33 38 44 32 44 42 32 44 36 45 41 37 | 47FD5B38D2DB2D6EA7
   33 45 43 45 45 42 42 38 33 30 46 33 46 30 33 46 46 42 | 3ECEEBB830F3F03FFB
   39 34 42 33 39 34 41 31 45 44 34 35 31 45 42 34 45 44 | 94B394A1ED451EB4ED
   33 34 37 45 32 37 30 31 38 37 43 35 32 45 45 43 43 33 | 347E270187C52EECC3
   35 35 33 35 36 31 35 36 41 42 33 36 37 39 34 43 30 41 | 55356156AB36794C0A
   39 31 43 44 43 44 42 38 38 35 42 36 46 31 43 46 46 34 | 91CDCDB885B6F1CFF4
   31 43 33 45 31 30 46 31 34 30 33 43 35 31 38 43 30 37 | 1C3E10F1403C518C07
   45 34 32 38 35 38 38 38 39 39 36 31 36 31 38 39 32 30 | E42858889961618920
   45 30 45 41 45 39 42 34 39 39 37 46 44 35 36 38 37 43 | E0EAE9B4997FD5687C
   46 46 32 44 44 38 33 45 45 37 36 44 36 35 32 46 38 33 | FF2DD83EE76D652F83
   36 33 38 41 43 43 44 31 37 38 44 30 30 46 38 32 44 32 | 638ACCD178D00F82D2
   45 39 38 46 45 44 39 41 32 43 42 34 42 37 31 45 45 31 | E98FED9A2CB4B71EE1
   41 32 42 32 30 43 35 45 36 31 44 31 37 39 42 41 36 39 | A2B20C5E61D179BA69
   39 38 46 37 34 31 33 46 35 33 39 37 46 32 39 35 38 43 | 98F7413F5397F2958C
   41 44 44 46 31 36 35 31 45 41 38 30 34 36 37 34 41 37 | ADDF1651EA804674A7
   36 41 36 38 34 46 35 37 32 35 33 34 46 36 30 41 37 42 | 6A684F572534F60A7B
   37 45 42 38 31 33 30 38 37 43 46 30 37 38 44 46 38 41 | 7EB813087CF078DF8A
   31 31 46 33 43 34 42 31 42 37 39 34 45 43 41 36 41 43 | 11F3C4B1B794ECA6AC
   42 30 32 43 44 30 35 45 33 35 45 36 45 44 38 46 38 46 | B02CD05E35E6ED8F8F
   37 43 45 39 44 30 30 39 31 41 34 32 45 32 39 46 34 35 | 7CE9D0091A42E29F45
   42 30 35 45 45 37 34 39 43 41 38 31 42 34 46 46 39 44 | B05EE749CA81B4FF9D
   31 41 31 35 39 33 31 36 30 46 32 41 34 32 41 30 35 42 | 1A1593160F2A42A05B
   39 42 42 41 42 32 42 39 34 44 44 43 36 34 43 39 32 39 | 9BBAB2B94DDC64C929
   32 32 36 42 39 45 44 34 46 33 33 46 35 35 44 43 46 39 | 226B9ED4F33F55DCF9
   44 44 44 34 39 34 43 45 42 46 45 31 35 42 34 36 45 42 | DDD494CEBFE15B46EB
   41 39 44 37 35 36 45 41 38 36 39 41 33 46 39 41 46 37 | A9D756EA869A3F9AF7
   38 31 36 44 42 36 34 46 44 35 37 33 31 44 38 33 30 31 | 816DB64FD5731D8301
   34 34 35 44 43 35 43 31 43 43 33 31 36 44 38 34 36 30 | 445DC5C1CC316D8460
   35 31 30 35 46 34 30 32 38 30 38 46 41 37 37 41 42 34 | 5105F402808FA77AB4
   38 32 32 35 45 44 41 41 41 42 42 42 44 36 32 30 33 36 | 8225EDAAABBBD62036
   41 36 43 42 32 38 31 42 37 30 42 39 33 43 37 36 45 46 | A6CB281B70B93C76EF
   46 32 37 39 41 30 33 41 44 43 35 36 34 46 34 42 46 44 | F279A03ADC564F4BFD
   37 35 42 35 38 41 35 45 35 33 44 30 43 45 42 39 44 33 | 75B58A5E53D0CEB9D3
   39 34 34 37 42 46 34 44 32 39 42 39 31 46 45 46 45 32 | 9447BF4D29B91FEFE2
   43 36 43 41 39 35 42 37 39 33 41 41 30 45 42 37 39 43 | C6CA95B793AA0EB79C
   39 30 43 33 36 44 45 33 38 39 39 41 30 37 30 41 46 43 | 90C36DE3899A070AFC
   35 33 42 42 32 46 38 45 41 42 31 46 34 42 46 39 32 44 | 53BB2F8EAB1F4BF92D
   35 46 34 38 45 39 33 43 46 46 32 37 30 34 39 46 42 37 | 5F48E93CFF27049FB7
   39 30 30 42 35 45 37 32 35 35 43 39 44 45 30 39 44 31 | 900B5E7255C9DE09D1
   42 34 42 37 46 33 36 42 42 36 35 30 33 46 41 42 31 42 | B4B7F36BB6503FAB1B
   32 39 41 30 42 31 33 39 41 30 31 36 39 42 37 33 37 34 | 29A0B139A0169B7374
   39 34 31 43 46 37 31 45 43 45 35 41 36 43 43 46 33 38 | 941CF71ECE5A6CCF38
   44 43 31 33 45 39 32 30 30 44 42 39 38 36 32 42 42 42 | DC13E9200DB9862BBB
   35 32 41 39 41 35 36 38 30 31 34 37 34 37 32 34 43 41 | 52A9A56801474724CA
   38 37 41 44 31 44 44 46 39 36 34 43 34 42 41 32 41 32 | 87AD1DDF964C4BA2A2
   41 38 42 35 46 35 39 34 45 39 30 32 43 42 44 43 41 30 | A8B5F594E902CBDCA0
   30 41 33 35 39 34 35 45 43 35 36 30 31 41 38 38 45 45 | 0A35945EC5601A88EE
   36 46 44 41 39 43 46 31 36 32 44 46 33 36 37 45 39 34 | 6FDA9CF162DF367E94
   37 33 36 42 43 45 45 32 33 35 35 41 35 33 41 39 32 34 | 736BCEE2355A53A924
   30 32 36 31 35 42 44 35 33 43 30 46 43 45 32 35 44 36 | 02615BD53C0FCE25D6
   43 37 45 41 45 35 45 30 39 43 36 32 46 35 30 38 44 33 | C7EAE5E09C62F508D3
   41 34 45 34 43 45 43 34 36 32 37 45 41 31 34 45 42 39 | A4E4CEC4627EA14EB9
   46 46 30 31 31 46 30 38 45 37 35 46 39 35 38 45 31 38 | FF011F08E75F958E18
   32 46 34 35 30 37 36 30 44 30 34 46 45 42 37 42 45 37 | 2F450760D04FEB7BE7
   35 35 30 33 44 41 44 41                               | 5503DADA

[2012-09-25 18:54:22] Handler: LoginServer listening on port 7979
[2012-09-25 18:54:22] Handler: ShardServer listening on port 20060
[2012-09-25 18:54:22] Handler: TimeServer listening on port 20066
[2012-09-25 18:54:22] Handler: PlatformServer listening on port 8080
[2012-09-25 18:54:25] Handler: Client '5390013' connected to LoginServer
[2012-09-25 18:54:25] Router: 
   04 0A 04 00 00 0A 7F 01 00 00 30 39 39 42 35 43 42 33 | ..........099B5CB3
   39 43 36 35 38 46 38 44 45 31 46 41 36 36 32 41 45 41 | 9C658F8DE1FA662AEA
   33 31 33 46 44 43 41 38 30 44 44 37 45 37 31 31 38 38 | 313FDCA80DD7E71188
   32 38 45 32 32 35 35 46 44 30 30 44 35 34 45 37 46 38 | 28E2255FD00D54E7F8
   41 31 36 45 38 46 43 44 32 45 30 35 41 41 32 44 43 41 | A16E8FCD2E05AA2DCA
   33 38 32 32 30 44 35 34 38 36 45 35 31 41 42 30 33 37 | 38220D5486E51AB037
   31 37 30 44 36 43 46 38 30 36 41 33 33 32 31 31 42 34 | 170D6CF806A33211B4
   35 45 39 30 30 31 33 34 42 30 34 42 33 32 30 39 31 38 | 5E900134B04B320918
   30 31 37 41 45 33 44 43 45 31 38 42 30 33 33 45 42 46 | 017AE3DCE18B033EBF
   35 39 32 38 31 39 35 34 45 46 45 41 45 37 36 42 34 41 | 59281954EFEAE76B4A
   34 31 33 37 43 43 43 46 41 34 33 30 45 42 35 43 30 37 | 4137CCCFA430EB5C07
   46 31 39 33 45 39 42 36 41 34 34 41 34 43 35 43 30 36 | F193E9B6A44A4C5C06
   44 33 31 36 36 36 41 42 32 34 38 30 30 46 37 36 36 39 | D31666AB24800F7669
   35 46 33 36 43 36 30 43 30 37 38 33 36 44 42 39 33 34 | 5F36C60C07836DB934
   30 32 44 37 46 37 38 41 35 31 46 34 41 39 31 45 44 46 | 02D7F78A51F4A91EDF
   34 37 32 45 35 46 42 39 31 34 44 43 31 42 30 31 34 34 | 472E5FB914DC1B0144
   35 33 42 32 35 43 34 35 32 42 34 38 46 30 45 36 34 42 | 53B25C452B48F0E64B
   34 35 37 35 44 41 33 43 43 42 46 46 43 38 45 42 30 46 | 4575DA3CCBFFC8EB0F
   34 35 32 43 34 31 37 36 45 41 31 36 33 43 45 42 44 39 | 452C4176EA163CEBD9
   41 34 37 39 37 41 31 31 44 39 32 36 30 30 38 31 31 32 | A4797A11D926008112
   38 45 30 41 41 31 36 39 36 43 32 32 43 31 45 44 41 35 | 8E0AA1696C22C1EDA5
   38 32 35 32 30 44 35 30 45 36 38 33 33 41 38 39 35 43 | 82520D50E6833A895C
   41 43 45 41 35 35 31 34 43 30 42 41 36 35 44 38 33 35 | ACEA5514C0BA65D835
   33 38 30 31 45 46 44 42 30 36 30 33 43 41 33 42 42 33 | 3801EFDB0603CA3BB3
   43 32 34 34 35 30 36 43 39 35 34 43 33 38 37 36 35 43 | C244506C954C38765C
   32 35 45 35 33 35 46 34 30 43 46 43 43 45 35 41 41 39 | 25E535F40CFCCE5AA9
   36 44 43 37 41 33 41 35 46 39 46 32 34 33 44 46 34 35 | 6DC7A3A5F9F243DF45
   43 39 46 46 32 37 38 30 37 41 42 32 39 35 41 46 35 45 | C9FF27807AB295AF5E
   45 45 31 43 31 46 30 34 33 45 39 30 39 45 34 44 32 41 | EE1C1F043E909E4D2A
   39 44 39 41 36 36 38 36 44 39 37 42 36 37 38 43 36 44 | 9D9A6686D97B678C6D
   31 42 35 45 32 30 31 34 46 30 45 42 41 43 45 41 32 45 | 1B5E2014F0EBACEA2E
   36 45 46 41 35 34 30 38 30 45 35 31 42 32 42 30 41 37 | 6EFA54080E51B2B0A7
   34 44 39 44 39 30 36 32 42 45 43 37 36 33 39 36 45 43 | 4D9D9062BEC76396EC
   30 35 37 45 43 43 30 42 44 32 46 42 33 31 37 45 38 32 | 057ECC0BD2FB317E82
   36 37 46 31 33 31 41 32 37 30 46 46 37 31 36 42 35 46 | 67F131A270FF716B5F
   36 45 33 38 34 41 42 41 37 45 33 42 35 35 35 35 35 43 | 6E384ABA7E3B55555C
   45 30 36 44 31 42 31 44 33 38 36 35 43 38 42 35 31 43 | E06D1B1D3865C8B51C
   44 35 32 42 44 44 39 46 32 41 39 34 31 34 36 44 30 39 | D52BDD9F2A94146D09
   42 45 35 37 31 33 41 37 43 41 45 35 37 30 38 36 37 46 | BE5713A7CAE570867F
   31 33 35 38 46 35 42 45 42 30 34 41 34 35 39 34 33 46 | 1358F5BEB04A45943F
   36 45 46 42 38 44 43 41 30 45 35 36 38 41 36 32 37 33 | 6EFB8DCA0E568A6273
   36 45 36 39 44 36 46 44 38 36 46 45 41 39 32 36 32 41 | 6E69D6FD86FEA9262A
   34 39 46 42 44 33 37 39 31 35 31 45 31 39 42 30 45 32 | 49FBD379151E19B0E2
   34 44 35 33 46 44 42 38 33 37 34 31 45 45 34 37 31 46 | 4D53FDB83741EE471F
   31 39 31 36 30 34 37 41 38 36 41 45 38 35 43 39 36 33 | 1916047A86AE85C963
   43 31 39 37 39 44 43 36 35 39 38 46 30 36 45 31 41 44 | C1979DC6598F06E1AD
   36 35 37 31 41 42 38 36 39 37 39 30 31 33 45 34 33 42 | 6571AB86979013E43B
   33 41 35 34 41 37 31 37 42 46 30 45 32 33 35 39 30 42 | 3A54A717BF0E23590B
   32 35 45 30 34 41 46 46 44 41 33 31 38 31 39 43 42 43 | 25E04AFFDA31819CBC
   34 37 37 34 35 31 39 41 41 34 37 35 32 38 38 45 44 34 | 4774519AA475288ED4
   42 32 34 39 46 41 30 31 36 31 45 38 43 44 44 36 45 42 | B249FA0161E8CDD6EB
   45 39 41 36 37 32 44 32 45 30 44 41 43 35 45 44 34 43 | E9A672D2E0DAC5ED4C
   32 36 32 34 46 46 45 41 45 33 43 36 35 43 43 36 34 45 | 2624FFEAE3C65CC64E
   33 33 45 37 36 46 31 34 37 46 36 44 30 30 38 34 41 43 | 33E76F147F6D0084AC
   32 46 36 42 37 46 36 32 36 30 33 37 38 43 46 41 34 34 | 2F6B7F6260378CFA44
   44 38 32 39 42 44 42 41 31 42 42 39 46 46 32 46 39 35 | D829BDBA1BB9FF2F95
   35 36 31 33 30 45 44 45 38 43 33 35 43 42 45 33 39 46 | 56130EDE8C35CBE39F
   45 36 35 38 30 37 36 39                               | E6580769

[2012-09-25 18:55:29] Handler: LoginServer listening on port 7979
[2012-09-25 18:55:29] Handler: ShardServer listening on port 20060
[2012-09-25 18:55:29] Handler: TimeServer listening on port 20066
[2012-09-25 18:55:29] Handler: PlatformServer listening on port 8080
[2012-09-25 18:55:35] Handler: Client '8020240' connected to LoginServer
[2012-09-25 18:55:35] Router: 
   04 0A 04 00 00 0A 7F 01 00 00 30 41 45 32 35 39 33 30 | ..........0AE25930
   31 44 39 46 46 44 38 37 42 43 31 46 38 43 36 34 43 45 | 1D9FFD87BC1F8C64CE
   44 33 38 44 38 36 42 35 41 34 33 31 39 32 37 33 41 36 | D38D86B5A4319273A6
   41 42 35 38 39 31 46 30 31 35 45 45 43 35 31 43 32 34 | AB5891F015EEC51C24
   41 39 44 30 30 43 32 34 44 31 46 33 44 43 44 33 42 46 | A9D00C24D1F3DCD3BF
   46 35 32 42 32 38 33 34 37 39 36 43 34 46 30 45 37 34 | F52B2834796C4F0E74
   46 33 36 39 45 35 43 32 42 46 46 46 37 37 41 33 39 34 | F369E5C2BFFF77A394
   31 32 46 30 39 39 39 32 39 42 42 44 38 30 43 31 30 41 | 12F099929BBD80C10A
   36 31 44 31 42 41 43 45 31 30 31 36 33 31 46 30 42 43 | 61D1BACE101631F0BC
   31 42 31 38 44 35 42 31 31 36 38 42 35 31 30 31 39 35 | 1B18D5B1168B510195
   44 42 31 38 42 45 35 39 33 31 46 36 36 45 43 46 42 44 | DB18BE5931F66ECFBD
   42 46 33 42 44 46 36 37 33 39 30 37 34 32 31 45 44 39 | BF3BDF673907421ED9
   42 41 36 31 37 34 31 35 34 34 32 33 38 44 41 34 44 36 | BA61741544238DA4D6
   44 41 41 43 41 46 36 39 36 44 33 42 30 30 34 35 39 34 | DAACAF696D3B004594
   42 46 43 41 44 36 44 35 38 42 33 34 46 33 37 37 42 31 | BFCAD6D58B34F377B1
   41 43 41 39 30 35 44 36 42 44 43 41 30 44 42 32 45 31 | ACA905D6BDCA0DB2E1
   34 30 42 39 36 45 45 33 46 31 34 43 44 36 37 39 36 35 | 40B96EE3F14CD67965
   43 36 34 45 46 34 35 42 32 33 35 38 36 46 41 38 44 38 | C64EF45B23586FA8D8
   39 37 43 42 35 33 39 35 30 44 37 37 41 46 33 38 43 32 | 97CB53950D77AF38C2
   45 36 35 34 46 33 30 43 30 36 30 36 30 44 32 46 37 46 | E654F30C06060D2F7F
   42 33 35 41 36 44 35 35 41 43 46 34 31 41 33 36 43 41 | B35A6D55ACF41A36CA
   46 34 42 45 30 33 37 39 44 46 36 30 36 39 30 45 33 38 | F4BE0379DF60690E38
   44 36 43 31 35 30 31 31 30 32 36 41 42 44 37 44 35 42 | D6C15011026ABD7D5B
   41 36 35 30 33 30 30 37 35 36 32 44 32 43 36 46 31 46 | A6503007562D2C6F1F
   43 36 45 46 46 43 46 31 39 37 32 43 38 36 39 30 36 37 | C6EFFCF1972C869067
   33 32 34 31 34 33 30 43 46 43 39 43 31 46 35 46 35 45 | 3241430CFC9C1F5F5E
   31 44 41 33 30 42 41 42 43 31 45 44 38 30 37 44 44 45 | 1DA30BABC1ED807DDE
   33 42 39 31 39 39 41 44 34 36 33 30 43 46 44 37 36 35 | 3B9199AD4630CFD765
   35 35 42 46 39 39 32 33 45 33 36 43 31 45 34 46 34 41 | 55BF9923E36C1E4F4A
   30 41 45 37 32 46 30 38 34 32 43 43 45 34 41 38 45 44 | 0AE72F0842CCE4A8ED
   42 34 41 38 44 37 39 38 41 34 36 36 38 46 34 44 34 36 | B4A8D798A4668F4D46
   45 35 33 32 38 34 42 32 44 43 30 35 42 35 30 41 42 34 | E53284B2DC05B50AB4
   33 32 38 45 46 32 31 32 43 32 36 32 44 44 37 37 36 37 | 328EF212C262DD7767
   38 39 36 37 32 38 36 30 45 41 30 39 30 41 35 30 38 44 | 89672860EA090A508D
   46 33 32 46 43 31 39 36 35 46 42 39 33 44 33 46 31 45 | F32FC1965FB93D3F1E
   38 43 35 32 39 45 36 39 43 41 45 35 36 32 30 33 43 39 | 8C529E69CAE56203C9
   34 35 37 42 38 45 43 46 39 43 46 39 44 39 37 44 46 38 | 457B8ECF9CF9D97DF8
   33 43 31 34 38 31 42 34 38 32 34 39 44 35 34 36 46 41 | 3C1481B48249D546FA
   38 34 39 41 30 33 34 46 35 45 39 46 30 36 32 45 41 39 | 849A034F5E9F062EA9
   43 46 34 31 43 31 34 33 33 31 33 42 42 36 32 42 36 44 | CF41C143313BB62B6D
   45 42 36 35 31 32 30 32 32 36 42 36 45 33 46 34 32 31 | EB65120226B6E3F421
   46 34 31 34 36 32 34 45 37 45 38 42 39 36 32 41 39 38 | F414624E7E8B962A98
   30 30 32 44 35 37 46 38 32 36 42 42 31 46 38 31 38 31 | 002D57F826BB1F8181
   32 46 36 38 45 43 45 37 41 34 36 32 35 43 36 30 30 32 | 2F68ECE7A4625C6002
   32 42 33 36 45 44 32 35 36 36 33 38 30 36 31 33 45 46 | 2B36ED2566380613EF
   43 35 39 39 34 37 44 38 30 39 45 45 31 33 33 45 30 46 | C59947D809EE133E0F
   30 34 33 46 42 35 32 42 43 42 44 44 38 32 44 34 30 42 | 043FB52BCBDD82D40B
   45 41 33 46 38 43 36 35 41 43 46 31 43 34 32 36 39 37 | EA3F8C65ACF1C42697
   41 35 42 30 33 37 45 34 31 32 42 38 30 43 33 46 32 36 | A5B037E412B80C3F26
   43 37 37 45 30 41 34 45 44 39 35 38 39 44 37 30 46 33 | C77E0A4ED9589D70F3
   35 46 39 44 46 39 37 46 31 32 35 32 46 45 31 35 38 44 | 5F9DF97F1252FE158D
   34 36 45 34 32 37 39 46 33 35 35 30 37 39 32 30 33 36 | 46E4279F3550792036
   32 46 37 34 44 45 36 41 44 45 36 34 34 39 36 35 33 41 | 2F74DE6ADE6449653A
   33 31 39 36 32 34 44 43 33 36 44 44 32 30 43 31 33 41 | 319624DC36DD20C13A
   30 33 44 45 44 33 42 32 33 43 41 31 39 32 35 45 30 39 | 03DED3B23CA1925E09
   42 41 46 42 33 33 30 36 31 32 39 45 32 39 39 36 42 38 | BAFB3306129E2996B8
   39 42 44 36 46 38 38 38 43 44 36 41 32 31 35 34 46 38 | 9BD6F888CD6A2154F8
   44 43 33 45 38 34 42 41                               | DC3E84BA

[2012-09-25 18:57:51] Handler: LoginServer listening on port 7979
[2012-09-25 18:57:51] Handler: ShardServer listening on port 20060
[2012-09-25 18:57:51] Handler: TimeServer listening on port 20066
[2012-09-25 18:57:51] Handler: PlatformServer listening on port 8080
[2012-09-25 18:57:55] Handler: Client '1408777' connected to LoginServer
[2012-09-25 18:57:55] Router: 
   04 0A 04 00 00 0A 7F 01 00 00 33 35 44 36 32 43 36 34 | ..........35D62C64
   36 45 42 35 39 43 34 44 39 35 41 38 45 42 32 34 44 39 | 6EB59C4D95A8EB24D9
   45 30 45 37 42 35 45 35 33 36 35 43 34 41 30 31 42 33 | E0E7B5E5365C4A01B3
   34 32 35 30 43 31 42 34 44 46 31 38 34 37 39 46 39 38 | 4250C1B4DF18479F98
   39 30 30 45 38 34 45 43 35 35 35 46 38 32 33 42 42 37 | 900E84EC555F823BB7
   30 43 36 43 31 30 30 46 46 38 32 42 31 39 43 37 31 44 | 0C6C100FF82B19C71D
   34 31 43 41 44 43 45 43 36 31 31 38 44 39 39 39 43 42 | 41CADCEC6118D999CB
   36 32 42 39 42 33 38 43 34 32 32 33 39 39 30 31 33 34 | 62B9B38C4223990134
   44 34 36 38 45 39 45 37 44 30 46 41 45 45 30 43 32 44 | D468E9E7D0FAEE0C2D
   38 42 34 30 41 37 35 43 37 41 42 38 33 42 38 36 33 37 | 8B40A75C7AB83B8637
   44 39 39 45 36 45 32 33 46 43 42 32 31 39 36 38 42 36 | D99E6E23FCB21968B6
   33 31 42 36 38 34 38 33 45 34 32 39 41 33 43 30 45 38 | 31B68483E429A3C0E8
   38 32 31 30 33 39 45 34 30 45 33 44 38 38 32 30 35 31 | 821039E40E3D882051
   44 30 33 33 33 36 44 41 33 41 35 44 31 31 30 35 30 45 | D03336DA3A5D11050E
   36 36 33 30 44 42 34 36 33 31 37 44 36 43 31 32 44 30 | 6630DB46317D6C12D0
   39 43 32 44 32 38 42 44 36 30 33 43 44 37 32 43 42 36 | 9C2D28BD603CD72CB6
   35 31 43 46 39 34 32 39 42 43 41 35 42 43 42 30 34 35 | 51CF9429BCA5BCB045
   44 32 46 41 43 38 34 43 45 36 45 31 38 30 45 37 31 38 | D2FAC84CE6E180E718
   46 42 41 41 44 30 39 36 30 43 45 43 45 34 30 44 31 44 | FBAAD0960CECE40D1D
   34 32 34 39 38 39 42 39 31 32 30 37 32 32 32 35 39 38 | 424989B91207222598
   45 39 35 34 43 35 34 36 39 37 46 37 33 39 44 39 45 33 | E954C54697F739D9E3
   34 31 41 34 42 32 36 32 36 33 36 33 34 43 44 42 38 30 | 41A4B26263634CDB80
   45 36 39 39 39 31 46 43 44 38 44 42 44 37 44 39 36 32 | E69991FCD8DBD7D962
   44 31 31 46 39 38 42 37 36 36 30 30 42 34 31 42 32 41 | D11F98B76600B41B2A
   42 34 31 31 43 37 39 46 44 45 43 34 36 44 43 45 45 32 | B411C79FDEC46DCEE2
   35 44 42 38 45 43 33 35 32 39 39 45 44 41 36 30 38 33 | 5DB8EC35299EDA6083
   36 30 46 43 39 34 33 43 41 33 41 30 30 34 43 36 39 41 | 60FC943CA3A004C69A
   44 42 45 30 37 42 45 46 43 37 43 42 34 30 32 44 35 30 | DBE07BEFC7CB402D50
   41 33 35 43 33 44 41 41 31 35 42 36 33 42 36 32 43 43 | A35C3DAA15B63B62CC
   41 42 35 44 38 33 32 32 36 38 44 31 45 31 38 34 33 41 | AB5D832268D1E1843A
   34 45 30 46 32 45 41 43 31 30 35 30 44 31 46 45 35 34 | 4E0F2EAC1050D1FE54
   30 46 34 37 31 32 46 42 35 38 31 38 37 43 43 35 43 30 | 0F4712FB58187CC5C0
   34 41 34 37 46 44 44 37 44 32 35 41 41 36 37 33 36 45 | 4A47FDD7D25AA6736E
   43 37 37 37 42 39 44 42 32 37 36 37 38 42 34 46 30 31 | C777B9DB27678B4F01
   45 45 36 35 33 31 39 43 38 45 43 32 45 33 36 45 42 34 | EE65319C8EC2E36EB4
   44 37 45 32 44 30 32 32 31 33 39 34 31 41 30 38 34 45 | D7E2D02213941A084E
   30 39 43 41 43 30 36 41 38 33 42 30 35 36 44 46 38 30 | 09CAC06A83B056DF80
   30 43 37 35 42 38 33 43 36 36 45 46 33 34 42 30 36 41 | 0C75B83C66EF34B06A
   34 44 43 34 30 38 45 43 46 33 33 32 45 37 44 46 31 43 | 4DC408ECF332E7DF1C
   38 41 31 39 30 30 44 43 41 45 36 31 46 32 43 45 37 41 | 8A1900DCAE61F2CE7A
   36 46 32 37 34 43 43 37 38 34 38 31 30 35 41 42 39 44 | 6F274CC7848105AB9D
   39 35 43 33 44 31 45 31 37 34 30 33 36 35 30 34 41 33 | 95C3D1E174036504A3
   45 36 36 36 36 38 45 39 30 42 32 32 32 41 42 42 35 31 | E66668E90B222ABB51
   36 39 35 35 38 30 32 30 43 33 33 43 43 38 30 42 36 46 | 69558020C33CC80B6F
   38 46 42 35 35 42 33 32 30 34 36 31 36 39 33 32 37 33 | 8FB55B320461693273
   42 35 45 36 36 30 39 37 42 31 33 46 41 36 36 36 37 32 | B5E66097B13FA66672
   39 32 41 45 35 42 38 44 31 37 38 35 39 38 41 30 38 44 | 92AE5B8D178598A08D
   32 41 39 30 45 35 39 38 36 32 38 41 30 38 32 45 38 33 | 2A90E598628A082E83
   44 38 31 31 45 43 43 30 37 34 30 38 35 43 37 31 30 39 | D811ECC074085C7109
   30 39 35 37 34 44 36 39 31 46 38 39 39 39 32 32 38 44 | 09574D691F8999228D
   45 42 45 32 46 37 45 37 31 42 42 30 42 36 33 35 46 35 | EBE2F7E71BB0B635F5
   37 44 31 34 37 37 43 33 30 38 33 30 37 44 45 33 46 33 | 7D1477C308307DE3F3
   33 38 45 39 43 39 39 33 43 44 36 36 36 30 33 35 34 45 | 38E9C993CD6660354E
   42 43 30 38 38 39 46 38 38 35 42 46 44 35 44 46 41 32 | BC0889F885BFD5DFA2
   42 31 38 35 42 30 34 41 44 44 41 42 46 32 42 35 33 45 | B185B04ADDABF2B53E
   33 34 46 44 43 31 35 33 31 45 39 36 43 30 38 37 35 34 | 34FDC1531E96C08754
   37 38 44 33 38 31 45 39 31 32 46 34 43 41 41 36 33 39 | 78D381E912F4CAA639
   32 38 36 34 37 44 39 30                               | 28647D90

[2012-09-25 18:58:14] Handler: LoginServer listening on port 7979
[2012-09-25 18:58:14] Handler: ShardServer listening on port 20060
[2012-09-25 18:58:14] Handler: TimeServer listening on port 20066
[2012-09-25 18:58:14] Handler: PlatformServer listening on port 8080
[2012-09-25 18:58:18] Handler: Client '11811181' connected to LoginServer
[2012-09-25 18:58:18] Router: 
   04 0A 04 00 00 0A 7F 01 00 00 34 41 38 34 45 44 33 39 | ..........4A84ED39
   39 32 45 41 45 36 44 41 31 32 43 37 36 35 41 42 30 46 | 92EAE6DA12C765AB0F
   45 35 34 38 30 31 44 45 44 41 46 32 32 46 45 35 41 34 | E54801DEDAF22FE5A4
   39 43 35 46 33 44 44 37 43 35 43 46 41 34 44 42 39 37 | 9C5F3DD7C5CFA4DB97
   33 39 34 42 30 31 42 41 34 34 31 35 36 42 42 38 42 34 | 394B01BA44156BB8B4
   42 38 32 33 34 33 44 36 34 30 43 35 42 39 41 31 38 43 | B82343D640C5B9A18C
   35 36 30 31 30 30 33 33 39 45 38 34 32 45 38 35 41 44 | 560100339E842E85AD
   38 43 30 35 32 42 37 38 46 45 46 38 44 30 37 32 30 44 | 8C052B78FEF8D0720D
   37 34 42 45 32 34 42 32 42 37 34 41 45 36 45 37 44 38 | 74BE24B2B74AE6E7D8
   45 30 31 30 41 36 32 41 38 37 41 35 37 43 43 41 39 34 | E010A62A87A57CCA94
   42 34 31 39 33 34 37 37 43 41 44 31 31 44 31 34 46 41 | B4193477CAD11D14FA
   33 46 45 36 32 34 32 38 44 35 32 41 39 41 39 45 31 31 | 3FE62428D52A9A9E11
   32 39 44 30 42 41 32 41 38 33 34 35 32 44 46 31 43 46 | 29D0BA2A83452DF1CF
   45 32 46 32 32 43 44 36 45 44 46 41 41 41 42 36 35 41 | E2F22CD6EDFAAAB65A
   35 43 31 37 31 36 36 39 44 45 42 38 39 38 44 31 33 42 | 5C171669DEB898D13B
   46 31 41 41 42 35 37 34 30 44 46 45 44 46 35 46 34 33 | F1AAB5740DFEDF5F43
   46 42 36 31 45 38 39 41 35 34 32 30 32 39 46 43 33 36 | FB61E89A542029FC36
   42 44 46 46 34 32 39 42 31 34 42 35 44 35 44 33 35 34 | BDFF429B14B5D5D354
   30 46 45 34 38 36 30 41 36 38 30 43 30 32 35 37 46 45 | 0FE4860A680C0257FE
   46 31 44 46 30 32 43 37 44 45 39 42 39 41 35 43 34 33 | F1DF02C7DE9B9A5C43
   39 39 46 34 41 44 43 45 35 45 42 39 44 31 33 38 46 32 | 99F4ADCE5EB9D138F2
   34 39 46 46 39 45 31 37 30 39 30 39 38 33 39 43 45 30 | 49FF9E170909839CE0
   38 36 46 42 36 38 39 30 34 44 36 35 36 31 36 35 35 42 | 86FB68904D6561655B
   44 35 44 36 41 44 33 39 35 41 36 43 35 42 39 42 37 35 | D5D6AD395A6C5B9B75
   36 39 33 33 46 38 43 35 36 36 39 46 34 30 43 45 43 31 | 6933F8C5669F40CEC1
   32 45 41 42 35 38 30 42 46 42 42 42 33 41 41 43 32 37 | 2EAB580BFBBB3AAC27
   33 41 34 31 37 37 34 34 33 45 36 39 41 35 42 35 39 36 | 3A4177443E69A5B596
   33 37 46 37 32 33 41 30 35 44 33 37 45 36 35 46 42 41 | 37F723A05D37E65FBA
   35 41 38 36 32 37 32 33 35 34 44 34 46 44 45 33 45 41 | 5A86272354D4FDE3EA
   41 32 34 46 39 45 42 45 33 32 35 42 35 35 34 38 41 36 | A24F9EBE325B5548A6
   44 44 31 41 41 44 32 36 41 35 32 36 44 32 34 36 30 43 | DD1AAD26A526D2460C
   34 36 37 45 37 37 30 35 41 35 30 44 39 36 43 34 38 45 | 467E7705A50D96C48E
   35 46 42 31 42 31 41 45 33 37 31 33 44 34 34 38 46 38 | 5FB1B1AE3713D448F8
   30 34 34 35 37 32 34 41 43 43 42 44 34 43 32 39 34 34 | 0445724ACCBD4C2944
   34 31 44 37 44 33 39 43 39 44 33 43 35 34 32 35 46 36 | 41D7D39C9D3C5425F6
   33 38 45 36 44 42 42 38 38 42 33 45 45 41 38 33 38 41 | 38E6DBB88B3EEA838A
   30 46 34 43 43 39 46 46 37 39 30 33 32 43 46 32 37 38 | 0F4CC9FF79032CF278
   37 38 41 44 32 37 46 34 31 46 34 34 41 46 45 46 43 38 | 78AD27F41F44AFEFC8
   30 44 43 41 36 41 34 36 31 45 38 30 32 37 35 45 33 44 | 0DCA6A461E80275E3D
   36 31 38 41 30 46 32 44 39 30 31 33 30 34 42 35 39 45 | 618A0F2D901304B59E
   37 37 45 31 31 38 43 44 39 45 36 32 37 37 38 36 35 44 | 77E118CD9E6277865D
   44 39 42 30 41 35 31 30 35 34 45 37 33 33 41 46 41 31 | D9B0A51054E733AFA1
   31 31 32 30 31 34 32 39 42 37 34 30 45 37 33 32 38 30 | 11201429B740E73280
   38 38 39 42 43 33 46 34 43 42 42 41 45 43 46 38 36 44 | 889BC3F4CBBAECF86D
   31 37 35 41 36 42 35 31 36 43 44 37 38 45 33 38 45 34 | 175A6B516CD78E38E4
   35 43 43 33 46 35 43 33 36 42 46 37 46 37 37 30 44 33 | 5CC3F5C36BF7F770D3
   45 46 45 43 33 30 43 44 36 37 42 30 38 38 34 39 36 33 | EFEC30CD67B0884963
   31 33 32 36 41 39 44 36 35 33 30 45 43 45 39 30 41 38 | 1326A9D6530ECE90A8
   38 32 39 34 43 37 38 41 46 30 31 33 46 35 32 37 43 32 | 8294C78AF013F527C2
   38 46 42 37 44 30 39 38 38 31 39 38 31 31 36 37 38 37 | 8FB7D0988198116787
   35 44 34 41 41 33 42 42 46 37 36 31 34 34 42 46 35 30 | 5D4AA3BBF76144BF50
   44 42 31 30 42 43 42 41 37 31 43 37 33 46 44 45 43 37 | DB10BCBA71C73FDEC7
   31 45 31 33 37 43 37 43 46 39 41 45 35 45 42 42 39 39 | 1E137C7CF9AE5EBB99
   30 37 37 33 32 33 35 39 30 37 45 30 45 41 41 38 38 33 | 0773235907E0EAA883
   34 39 30 36 39 42 34 41 41 45 46 35 42 42 45 39 30 37 | 49069B4AAEF5BBE907
   32 42 44 43 46 42 32 30 41 46 42 41 31 38 45 36 45 31 | 2BDCFB20AFBA18E6E1
   45 33 46 46 34 39 35 41 42 34 43 33 44 44 39 41 42 33 | E3FF495AB4C3DD9AB3
   31 43 37 30 32 33 46 32                               | 1C7023F2

[2012-09-25 18:58:58] Handler: LoginServer listening on port 7979
[2012-09-25 18:58:58] Handler: ShardServer listening on port 20060
[2012-09-25 18:58:58] Handler: TimeServer listening on port 20066
[2012-09-25 18:58:58] Handler: PlatformServer listening on port 8080
[2012-09-25 18:59:05] Handler: Client '5711123' connected to LoginServer
[2012-09-25 18:59:05] Router: 
   04 0A 04 00 00 0A 7F 01 00 00 41 45 35 41 39 43 41 41 | ..........AE5A9CAA
   35 43 36 41 33 35 45 44 42 42 39 36 35 44 34 35 37 44 | 5C6A35EDBB965D457D
   37 44 39 33 35 37 32 38 38 34 34 32 37 33 41 35 46 43 | 7D935728844273A5FC
   35 37 37 33 35 37 33 38 45 34 45 46 44 37 33 46 46 42 | 57735738E4EFD73FFB
   39 41 38 45 41 38 42 33 39 37 31 46 38 42 44 46 34 45 | 9A8EA8B3971F8BDF4E
   42 33 32 43 41 41 33 42 39 31 35 46 46 35 36 42 44 31 | B32CAA3B915FF56BD1
   38 39 34 38 41 34 34 42 32 42 34 32 35 39 39 38 31 45 | 8948A44B2B4259981E
   35 43 41 30 43 42 43 33 43 31 31 39 41 43 31 32 36 45 | 5CA0CBC3C119AC126E
   36 30 44 38 39 46 30 41 32 37 36 34 41 45 30 35 38 36 | 60D89F0A2764AE0586
   31 45 34 37 37 42 33 39 44 31 34 41 46 31 39 42 42 33 | 1E477B39D14AF19BB3
   37 43 37 32 41 42 30 34 30 46 43 46 35 38 45 31 38 32 | 7C72AB040FCF58E182
   32 35 33 36 30 30 45 43 38 30 35 31 43 44 42 36 43 32 | 253600EC8051CDB6C2
   35 34 41 32 30 39 39 44 31 46 38 34 31 45 43 32 46 38 | 54A2099D1F841EC2F8
   45 36 31 38 41 32 41 30 36 42 44 38 46 33 36 38 38 34 | E618A2A06BD8F36884
   31 42 39 41 41 33 34 39 32 38 43 43 36 38 35 32 41 31 | 1B9AA34928CC6852A1
   32 33 37 32 46 45 35 36 36 46 44 36 35 39 36 41 34 33 | 2372FE566FD6596A43
   44 31 41 46 43 37 38 30 43 43 30 36 43 30 33 46 39 43 | D1AFC780CC06C03F9C
   33 34 41 32 41 34 30 39 39 36 30 44 39 46 36 44 41 46 | 34A2A409960D9F6DAF
   34 33 30 39 36 35 34 42 31 30 33 39 33 41 33 34 42 32 | 4309654B10393A34B2
   33 46 41 30 45 32 44 38 43 45 31 46 34 45 42 46 34 45 | 3FA0E2D8CE1F4EBF4E
   44 36 42 44 31 42 41 44 30 32 44 37 30 43 32 38 41 36 | D6BD1BAD02D70C28A6
   35 38 43 32 46 41 34 41 37 46 37 45 39 31 31 42 46 41 | 58C2FA4A7F7E911BFA
   33 39 44 32 39 35 33 36 32 39 30 45 44 42 41 36 31 35 | 39D29536290EDBA615
   34 38 33 39 39 33 32 38 45 43 45 43 35 33 38 35 37 35 | 48399328ECEC538575
   35 32 41 37 30 35 38 32 31 46 35 31 41 43 36 38 39 45 | 52A705821F51AC689E
   37 44 41 39 46 41 35 46 36 42 36 37 41 41 43 42 34 35 | 7DA9FA5F6B67AACB45
   46 39 38 46 42 39 45 36 34 30 39 35 43 37 43 45 36 30 | F98FB9E64095C7CE60
   35 35 30 37 33 43 32 39 38 32 35 31 42 42 36 32 46 41 | 55073C298251BB62FA
   43 32 43 41 39 35 45 41 42 43 37 43 36 37 41 45 37 44 | C2CA95EABC7C67AE7D
   36 43 39 36 38 44 38 34 42 36 41 45 44 35 38 39 35 32 | 6C968D84B6AED58952
   33 37 46 45 32 32 46 38 38 32 43 35 32 35 45 42 42 39 | 37FE22F882C525EBB9
   33 37 33 35 46 36 38 39 43 42 30 33 33 43 38 32 39 46 | 3735F689CB033C829F
   32 41 39 30 31 44 41 37 32 44 44 32 46 32 45 34 31 36 | 2A901DA72DD2F2E416
   33 41 43 44 45 39 35 42 35 37 31 32 37 34 33 43 38 33 | 3ACDE95B5712743C83
   44 43 41 44 39 45 31 30 42 45 43 43 39 33 36 41 38 42 | DCAD9E10BECC936A8B
   45 35 35 33 46 45 37 41 39 42 41 33 31 42 43 38 38 37 | E553FE7A9BA31BC887
   36 46 32 33 31 36 30 41 30 44 37 39 44 37 45 37 35 41 | 6F23160A0D79D7E75A
   39 38 45 37 36 38 31 44 34 45 35 31 43 42 34 36 46 45 | 98E7681D4E51CB46FE
   33 41 36 36 42 41 43 37 34 35 33 36 34 38 33 45 42 35 | 3A66BAC74536483EB5
   34 35 44 36 36 45 45 43 39 37 36 32 44 30 34 33 33 37 | 45D66EEC9762D04337
   31 33 44 35 36 32 32 37 43 32 46 45 37 39 32 35 45 37 | 13D56227C2FE7925E7
   38 45 31 45 32 36 38 43 46 32 39 39 34 32 42 33 41 30 | 8E1E268CF29942B3A0
   37 35 33 33 31 46 32 43 36 37 44 31 41 45 32 45 45 42 | 75331F2C67D1AE2EEB
   45 45 38 44 32 30 41 30 43 36 34 44 44 38 45 33 39 30 | EE8D20A0C64DD8E390
   46 42 45 32 35 31 32 36 44 30 41 32 42 36 41 30 34 45 | FBE25126D0A2B6A04E
   44 37 31 39 38 42 42 35 37 41 42 33 46 43 34 35 31 32 | D7198BB57AB3FC4512
   39 33 34 30 33 41 38 37 34 42 43 39 38 32 35 30 46 42 | 93403A874BC98250FB
   38 31 46 35 35 36 33 30 36 30 31 35 32 35 39 38 39 44 | 81F55630601525989D
   36 31 39 31 43 30 42 44 45 41 39 34 36 33 44 39 37 32 | 6191C0BDEA9463D972
   39 37 39 44 41 38 38 38 30 44 33 44 38 37 37 33 41 42 | 979DA8880D3D8773AB
   32 44 46 43 34 37 38 33 33 43 44 31 46 31 37 33 41 38 | 2DFC47833CD1F173A8
   44 44 41 42 37 31 44 41 41 45 35 34 43 42 33 39 35 43 | DDAB71DAAE54CB395C
   30 30 37 44 30 45 32 44 39 38 31 31 35 31 43 32 36 35 | 007D0E2D981151C265
   32 43 33 35 30 46 33 32 34 46 45 34 30 41 39 35 36 32 | 2C350F324FE40A9562
   35 30 44 46 45 36 42 44 32 37 37 33 37 30 41 42 30 31 | 50DFE6BD277370AB01
   37 34 35 42 31 37 42 43 36 34 42 30 38 34 39 41 45 33 | 745B17BC64B0849AE3
   34 45 33 44 38 44 46 46 44 45 41 32 37 33 46 37 43 42 | 4E3D8DFFDEA273F7CB
   46 41 46 41 45 38 30 37                               | FAFAE807

[2012-09-25 18:59:21] Router: 
   05 00 00 00 44 6F 6D 6F 00 22 01 00 00 AB 1C 74 17 A7 | ....Domo.".....t..
   1C 21 13 F1 19 22 12 A1 1C 70 43 A3 19 76 41 F6 49 2A | .!..."...pC..vA.I*
   17 F2 18 71 16 A6 49 2A 17 A0 1F 2B 12 A5 19 2B 15 F1 | ...q..I*...+...+..
   1E 24 16 F6 18 20 41 F7 49 25 46 AB 1A 73 45 A1 4C 73 | .$... A.I%F..sE.Ls
   17 F0 1B 25 12 A0 1C 22 12 A6 4B 77 18 A6 18 22 43 A6 | ...%..."..Kw..."C.
   49 77 12 F6 4D 73 19 F2 4D 21 45 AB 18 76 12 AB 4C 20 | Iw..Ms..M!E..v..L 
   17 AA 4E 23 19 A5 1C 26 43 A4 1F 23 13 A4 1C 26 11 A0 | ..N#...&C..#...&..
   16 24 43 A0 4D 70 12 F2 1C 24 14 A4 1A 2B 19 A7 1B 20 | .$C.Mp...$...+... 
   10 A7 4C 25 41 F2 17 76 13 F6 49 74 14 A4 1C 70 41 F0 | ..L%A..v..It...pA.
   4D 21 15 AA 19 21 16 F2 16 73 15 A3 4A 27 13 A0 18 23 | M!...!...s..J'...#
   12 A1 4C 20 16 A4 1D 2B 18 A7 16 2B 45 F1 4C 73 17 AA | ..L ...+...+E.Ls..
   1A 26 17 A5 4C 2A 19 F7 4C 70 43 F7 19 26 19 A6 16 21 | .&..L*..LpC..&...!
   15 F6 4A 24 16 A5 16 21 12 F0 19 26 16 F1 1E 71 19 A7 | ..J$...!...&...q..
   4B 20 45 A2 16 21 15 A3 4B 70 18                      | K E..!..Kp.

[2012-09-25 19:02:46] Handler: LoginServer listening on port 7979
[2012-09-25 19:02:46] Handler: ShardServer listening on port 20060
[2012-09-25 19:02:46] Handler: TimeServer listening on port 20066
[2012-09-25 19:02:46] Handler: PlatformServer listening on port 8080
[2012-09-25 19:02:48] Handler: Client '14579031' connected to LoginServer
[2012-09-25 19:02:49] Router: 
   04 0A 04 00 00 0A 7F 01 00 00 36 44 34 31 34 36 46 46 | ..........6D4146FF
   39 43 33 39 36 34 31 36 41 37 35 46 43 34 43 37 45 43 | 9C396416A75FC4C7EC
   45 42 36 39 45 39 37 42 46 35 43 38 32 33 36 34 37 31 | EB69E97BF5C8236471
   33 32 37 38 37 42 33 41 38 35 44 37 31 42 31 41 36 43 | 32787B3A85D71B1A6C
   46 38 43 33 37 35 39 37 32 37 39 32 30 36 32 46 41 31 | F8C375972792062FA1
   31 42 35 36 41 37 38 35 30 38 34 36 33 38 45 34 32 45 | 1B56A785084638E42E
   39 42 44 39 44 43 46 34 45 33 43 31 34 46 33 46 37 41 | 9BD9DCF4E3C14F3F7A
   34 32 44 42 44 46 34 32 37 32 30 43 35 30 34 38 43 42 | 42DBDF42720C5048CB
   38 32 36 37 32 34 45 31 35 45 31 33 46 45 31 38 41 37 | 826724E15E13FE18A7
   46 37 34 41 42 31 30 30 42 30 44 33 46 31 38 38 31 45 | F74AB100B0D3F1881E
   38 44 36 43 35 31 43 46 39 31 46 33 30 41 35 33 38 42 | 8D6C51CF91F30A538B
   38 39 32 33 46 46 35 39 44 32 36 34 46 38 31 32 35 32 | 8923FF59D264F81252
   30 39 32 31 30 30 44 34 37 32 45 46 32 41 36 46 37 38 | 092100D472EF2A6F78
   46 39 34 39 46 32 36 34 33 46 36 43 36 31 41 42 30 31 | F949F2643F6C61AB01
   34 45 32 30 39 36 36 33 35 34 43 39 37 31 31 32 45 45 | 4E20966354C97112EE
   44 31 38 39 30 38 45 38 34 31 36 31 41 45 30 46 33 37 | D18908E84161AE0F37
   46 45 33 35 46 34 35 38 37 46 36 33 39 39 35 46 31 41 | FE35F4587F63995F1A
   37 38 45 31 37 38 45 38 31 38 32 37 44 45 45 36 31 33 | 78E178E81827DEE613
   31 46 32 34 44 41 41 36 41 46 43 43 44 36 32 41 30 36 | 1F24DAA6AFCCD62A06
   34 38 37 42 32 31 39 42 30 32 34 38 46 37 44 46 32 37 | 487B219B0248F7DF27
   43 42 32 31 44 39 34 30 43 38 30 35 46 35 41 44 32 43 | CB21D940C805F5AD2C
   38 34 31 43 34 41 32 35 30 43 37 32 36 33 33 43 33 44 | 841C4A250C72633C3D
   36 30 39 35 44 34 46 42 37 41 38 37 41 35 46 32 43 44 | 6095D4FB7A87A5F2CD
   39 43 35 37 42 42 33 34 30 31 45 42 38 34 41 37 35 36 | 9C57BB3401EB84A756
   39 32 30 42 31 44 44 31 39 37 41 42 30 39 38 37 37 45 | 920B1DD197AB09877E
   43 33 36 42 30 34 35 38 37 34 43 33 36 36 38 35 38 37 | C36B045874C3668587
   42 30 30 33 30 45 30 46 42 44 44 39 36 32 37 32 41 43 | B0030E0FBDD96272AC
   39 36 37 45 46 46 35 33 34 41 37 39 38 39 33 45 38 42 | 967EFF534A79893E8B
   37 46 43 41 33 32 45 31 38 31 38 30 34 44 42 41 44 31 | 7FCA32E181804DBAD1
   30 34 46 44 46 38 33 32 42 44 32 46 39 43 30 42 45 42 | 04FDF832BD2F9C0BEB
   44 41 31 31 45 31 45 34 44 30 36 34 42 35 35 38 31 31 | DA11E1E4D064B55811
   36 37 37 39 38 38 34 42 31 32 32 36 33 33 38 34 33 44 | 6779884B122633843D
   38 43 31 32 31 42 44 33 38 39 42 42 38 34 33 35 44 43 | 8C121BD389BB8435DC
   34 33 42 46 43 44 38 44 46 46 37 39 39 38 33 31 37 30 | 43BFCD8DFF79983170
   31 39 35 39 45 37 39 43 32 35 44 46 41 33 42 30 46 31 | 1959E79C25DFA3B0F1
   32 37 35 37 44 42 44 30 42 39 32 31 37 35 43 41 31 39 | 2757DBD0B92175CA19
   44 30 45 41 39 42 42 30 43 39 38 33 35 41 36 38 38 39 | D0EA9BB0C9835A6889
   45 38 34 35 46 34 30 41 38 38 44 46 41 38 35 36 37 42 | E845F40A88DFA8567B
   42 37 31 32 36 43 42 34 31 45 30 35 41 37 37 32 44 33 | B7126CB41E05A772D3
   30 34 46 38 45 32 42 45 34 33 41 33 31 43 31 34 38 41 | 04F8E2BE43A31C148A
   44 38 41 38 42 46 43 42 45 31 39 43 39 37 44 32 34 37 | D8A8BFCBE19C97D247
   32 30 37 36 45 38 42 44 42 32 41 41 30 32 30 46 39 35 | 2076E8BDB2AA020F95
   44 35 32 33 33 32 36 45 34 30 34 39 36 34 31 45 35 41 | D523326E4049641E5A
   30 32 30 46 30 33 42 37 37 45 44 39 31 36 44 30 39 41 | 020F03B77ED916D09A
   35 36 43 44 46 36 35 30 39 32 32 34 36 42 35 46 38 46 | 56CDF65092246B5F8F
   44 38 42 37 43 36 36 32 45 32 30 46 44 32 38 30 34 33 | D8B7C662E20FD28043
   36 43 38 38 32 37 41 39 43 46 43 41 34 36 43 30 44 35 | 6C8827A9CFCA46C0D5
   46 43 38 41 34 34 43 36 30 46 32 42 35 43 46 39 37 37 | FC8A44C60F2B5CF977
   31 32 34 31 38 43 46 45 33 35 45 42 32 38 37 41 46 42 | 12418CFE35EB287AFB
   36 41 35 33 35 36 38 30 33 32 43 43 46 34 33 32 30 42 | 6A53568032CCF4320B
   35 38 31 39 37 36 35 34 39 32 41 43 34 44 30 35 34 34 | 5819765492AC4D0544
   46 39 36 38 45 33 46 35 46 43 45 42 36 31 34 36 45 45 | F968E3F5FCEB6146EE
   36 46 42 39 46 32 33 31 34 44 36 31 34 43 46 46 36 36 | 6FB9F2314D614CFF66
   31 34 32 34 46 36 43 33 36 37 31 30 41 39 30 30 36 43 | 1424F6C36710A9006C
   43 42 34 37 38 33 46 36 30 32 33 38 34 41 43 35 44 31 | CB4783F602384AC5D1
   32 43 39 39 39 43 36 42 35 43 45 38 30 38 42 41 36 38 | 2C999C6B5CE808BA68
   42 38 36 37 42 41 38 42 36 43 37 36 30 46 34 43 35 38 | B867BA8B6C760F4C58
   37 36 46 36 41 30 34 34                               | 76F6A044

[2012-09-25 19:03:15] Handler: LoginServer listening on port 7979
[2012-09-25 19:03:15] Handler: ShardServer listening on port 20060
[2012-09-25 19:03:15] Handler: TimeServer listening on port 20066
[2012-09-25 19:03:15] Handler: PlatformServer listening on port 8080
[2012-09-25 19:03:17] Handler: Client '5231298' connected to LoginServer
[2012-09-25 19:03:17] Router: 
   04 0A 04 00 00 0A 7F 01 00 00 33 43 33 33 44 45 36 38 | ..........3C33DE68
   30 35 34 41 46 36 31 44 32 31 32 33 32 33 37 38 35 43 | 054AF61D212323785C
   34 44 32 43 42 33 36 43 36 30 37 32 44 38 39 42 30 35 | 4D2CB36C6072D89B05
   46 39 42 45 32 32 39 36 37 44 39 41 41 45 42 37 42 32 | F9BE22967D9AAEB7B2
   31 34 34 36 32 46 38 35 39 42 30 33 46 31 38 46 46 45 | 14462F859B03F18FFE
   33 34 43 37 43 42 39 32 41 39 37 37 43 45 30 41 34 45 | 34C7CB92A977CE0A4E
   39 44 30 31 38 42 39 38 33 37 46 30 45 36 37 44 38 35 | 9D018B9837F0E67D85
   45 33 32 33 33 31 37 32 45 38 32 45 46 37 37 36 39 30 | E3233172E82EF77690
   32 41 46 31 43 38 35 44 32 45 30 35 34 46 31 45 38 31 | 2AF1C85D2E054F1E81
   39 42 37 38 43 38 31 31 35 31 34 35 46 42 45 38 36 38 | 9B78C8115145FBE868
   46 42 36 32 38 39 42 45 32 45 39 33 36 42 38 37 32 36 | FB6289BE2E936B8726
   45 41 35 35 45 42 43 30 34 39 35 45 32 46 34 31 43 38 | EA55EBC0495E2F41C8
   31 44 41 35 34 36 44 34 30 31 36 43 44 42 36 38 39 42 | 1DA546D4016CDB689B
   37 42 42 38 37 43 37 42 35 31 37 33 33 38 38 42 34 43 | 7BB87C7B5173388B4C
   38 45 39 37 33 41 38 38 33 35 46 37 41 43 41 45 35 42 | 8E973A8835F7ACAE5B
   36 41 37 35 36 36 46 42 46 34 36 45 34 44 34 45 37 35 | 6A7566FBF46E4D4E75
   31 46 35 42 46 39 38 42 38 33 36 33 43 42 34 36 37 34 | 1F5BF98B8363CB4674
   45 30 42 36 43 41 30 35 42 37 46 35 34 41 39 37 33 34 | E0B6CA05B7F54A9734
   35 34 38 44 42 30 37 45 36 45 45 45 34 39 38 33 42 34 | 548DB07E6EEE4983B4
   38 32 39 41 37 34 43 41 32 38 41 42 33 34 35 45 39 32 | 829A74CA28AB345E92
   31 43 46 34 34 35 44 30 38 35 38 34 43 37 33 41 45 38 | 1CF445D08584C73AE8
   44 42 46 38 45 42 30 33 36 31 37 44 33 33 39 41 41 36 | DBF8EB03617D339AA6
   43 33 39 36 46 46 36 33 42 36 38 45 36 33 34 44 45 33 | C396FF63B68E634DE3
   35 33 44 42 38 39 35 36 45 42 36 44 30 36 37 43 34 45 | 53DB8956EB6D067C4E
   34 34 35 36 36 38 34 45 43 31 38 38 31 37 41 42 42 36 | 4456684EC18817ABB6
   31 34 35 31 38 30 32 38 36 30 41 44 44 36 36 43 43 46 | 1451802860ADD66CCF
   33 41 35 44 41 46 38 38 36 32 41 45 45 31 35 41 31 41 | 3A5DAF8862AEE15A1A
   30 36 37 41 33 31 31 43 43 30 41 41 38 35 46 39 31 43 | 067A311CC0AA85F91C
   41 41 44 39 42 33 38 36 43 39 36 39 41 30 35 36 38 43 | AAD9B386C969A0568C
   38 46 30 42 46 46 30 31 43 43 37 46 37 38 31 35 38 39 | 8F0BFF01CC7F781589
   37 33 34 31 33 44 34 45 35 45 38 41 46 38 37 35 42 36 | 73413D4E5E8AF875B6
   44 35 43 42 36 30 32 34 30 46 32 32 42 33 30 31 33 33 | D5CB60240F22B30133
   38 44 32 34 34 37 37 46 33 37 39 39 46 32 31 42 45 34 | 8D24477F3799F21BE4
   33 37 37 42 32 37 32 42 30 32 31 31 45 46 43 39 46 42 | 377B272B0211EFC9FB
   44 30 30 45 35 44 34 38 44 37 43 35 44 43 41 33 32 35 | D00E5D48D7C5DCA325
   36 36 35 31 35 36 33 46 33 45 32 31 43 41 31 35 32 32 | 6651563F3E21CA1522
   31 41 31 34 45 34 39 36 33 30 44 46 31 44 31 30 44 45 | 1A14E49630DF1D10DE
   34 42 46 42 37 44 41 36 46 34 35 43 35 39 45 45 38 35 | 4BFB7DA6F45C59EE85
   37 43 37 32 31 30 31 35 46 30 32 46 31 31 35 32 42 46 | 7C721015F02F1152BF
   36 35 32 42 33 44 34 34 37 33 32 45 41 41 45 46 30 46 | 652B3D44732EAAEF0F
   46 42 45 46 33 44 46 43 35 46 34 46 35 33 36 35 46 32 | FBEF3DFC5F4F5365F2
   44 46 31 42 45 30 46 36 46 34 35 34 44 32 41 43 36 42 | DF1BE0F6F454D2AC6B
   41 35 42 31 37 46 46 32 44 36 31 38 45 45 32 30 42 44 | A5B17FF2D618EE20BD
   36 38 42 32 36 35 42 37 34 33 46 32 36 46 38 35 36 39 | 68B265B743F26F8569
   31 30 44 33 36 31 36 31 37 36 32 45 36 46 37 31 33 41 | 10D36161762E6F713A
   37 33 33 44 36 33 41 37 42 44 43 31 41 30 38 32 41 42 | 733D63A7BDC1A082AB
   38 37 36 35 44 46 41 44 34 39 41 46 34 36 39 31 38 39 | 8765DFAD49AF469189
   33 32 39 35 31 31 36 44 33 34 33 34 37 30 41 39 44 31 | 3295116D343470A9D1
   38 33 34 45 46 45 33 30 46 44 33 44 45 43 41 46 46 44 | 834EFE30FD3DECAFFD
   44 32 44 32 34 38 31 31 36 32 37 42 30 31 39 35 43 34 | D2D24811627B0195C4
   42 32 41 37 36 42 38 37 37 39 36 44 33 32 30 44 36 38 | B2A76B87796D320D68
   46 42 30 45 41 42 38 45 34 35 37 45 44 44 31 38 33 42 | FB0EAB8E457EDD183B
   38 30 43 39 39 31 36 36 46 31 35 42 31 31 41 38 43 38 | 80C99166F15B11A8C8
   31 38 36 30 38 39 34 38 33 39 35 39 41 33 32 31 35 46 | 186089483959A3215F
   38 42 38 46 30 36 33 39 32 43 36 35 39 46 32 36 45 33 | 8B8F06392C659F26E3
   34 42 43 33 32 30 31 36 46 36 43 41 46 43 42 37 45 37 | 4BC32016F6CAFCB7E7
   37 44 38 33 38 38 46 31 43 42 32 39 46 31 42 45 35 37 | 7D8388F1CB29F1BE57
   43 33 42 34 33 45 34 31                               | C3B43E41

[2012-09-25 19:03:53] Handler: LoginServer listening on port 7979
[2012-09-25 19:03:53] Handler: ShardServer listening on port 20060
[2012-09-25 19:03:53] Handler: TimeServer listening on port 20066
[2012-09-25 19:03:53] Handler: PlatformServer listening on port 8080
[2012-09-25 19:03:56] Handler: Client '3483227' connected to LoginServer
[2012-09-25 19:03:56] Router: 
   04 0A 04 00 00 0A 7F 01 00 00 38 45 36 31 45 39 30 32 | ..........8E61E902
   46 30 35 33 35 45 41 35 36 30 37 35 32 36 30 34 34 37 | F0535EA56075260447
   42 46 39 46 39 34 34 46 38 42 45 32 39 37 37 30 34 33 | BF9F944F8BE2977043
   33 31 37 31 34 42 33 32 39 38 34 37 31 33 42 36 34 43 | 31714B32984713B64C
   45 34 45 42 37 43 43 34 44 45 31 37 34 46 34 39 41 34 | E4EB7CC4DE174F49A4
   33 44 42 34 38 36 39 32 41 32 33 37 37 43 34 31 37 38 | 3DB48692A2377C4178
   36 44 33 30 32 44 38 37 36 30 41 31 39 31 36 35 38 31 | 6D302D8760A1916581
   44 38 35 32 42 38 39 42 42 31 39 35 35 38 33 31 32 44 | D852B89BB19558312D
   45 35 32 30 41 30 44 45 43 31 34 35 34 33 32 36 39 38 | E520A0DEC145432698
   37 35 31 32 42 38 38 39 46 46 41 30 32 46 44 41 31 45 | 7512B889FFA02FDA1E
   33 41 34 42 35 32 45 42 34 41 34 31 35 41 41 42 37 30 | 3A4B52EB4A415AAB70
   37 38 37 31 45 41 34 36 41 35 44 31 39 35 39 32 34 42 | 7871EA46A5D195924B
   42 42 34 36 45 32 39 44 42 39 42 43 39 34 39 42 31 30 | BB46E29DB9BC949B10
   38 38 37 37 35 39 32 37 38 35 35 35 32 33 32 43 38 44 | 887759278555232C8D
   36 37 35 43 34 45 43 43 30 42 32 30 35 37 43 37 32 38 | 675C4ECC0B2057C728
   46 41 41 33 37 43 41 30 43 42 39 42 37 39 42 46 31 46 | FAA37CA0CB9B79BF1F
   37 39 44 44 33 42 42 38 30 36 45 46 44 43 30 30 37 38 | 79DD3BB806EFDC0078
   37 31 42 31 44 35 43 34 30 43 42 46 39 34 42 42 41 42 | 71B1D5C40CBF94BBAB
   31 41 34 44 44 46 45 33 44 45 42 33 42 36 38 42 33 42 | 1A4DDFE3DEB3B68B3B
   38 38 43 36 35 35 34 32 30 30 37 32 44 33 32 45 31 38 | 88C655420072D32E18
   34 35 38 32 45 32 42 45 43 41 31 36 38 36 43 32 46 31 | 4582E2BECA1686C2F1
   39 34 39 32 43 41 37 35 38 42 39 42 36 44 44 46 37 30 | 9492CA758B9B6DDF70
   33 36 33 42 30 39 30 39 38 31 31 34 44 32 46 33 31 30 | 363B09098114D2F310
   38 37 31 32 41 31 32 32 41 38 32 39 44 42 31 42 31 35 | 8712A122A829DB1B15
   34 46 34 44 39 43 37 30 45 42 43 31 37 43 34 36 45 36 | 4F4D9C70EBC17C46E6
   46 37 42 46 45 46 38 38 38 31 41 34 37 43 35 39 30 39 | F7BFEF8881A47C5909
   36 36 31 44 41 45 35 36 31 33 42 37 37 46 44 37 30 34 | 661DAE5613B77FD704
   31 43 41 42 44 32 39 42 31 44 31 39 45 36 43 46 33 45 | 1CABD29B1D19E6CF3E
   33 35 37 38 44 45 34 33 38 44 46 41 45 31 31 36 35 36 | 3578DE438DFAE11656
   30 31 42 43 36 39 30 35 46 35 37 39 30 36 42 45 45 36 | 01BC6905F57906BEE6
   30 44 37 44 34 35 32 41 42 31 44 45 35 43 34 43 45 44 | 0D7D452AB1DE5C4CED
   32 45 45 31 45 42 46 46 31 33 44 33 33 38 44 43 31 46 | 2EE1EBFF13D338DC1F
   44 33 39 34 34 42 32 43 42 31 43 43 35 46 31 31 30 36 | D3944B2CB1CC5F1106
   36 30 38 35 37 32 33 31 35 30 42 33 41 44 44 39 34 38 | 6085723150B3ADD948
   42 44 37 42 36 32 46 32 30 37 39 31 38 34 32 43 37 41 | BD7B62F20791842C7A
   46 34 31 44 33 32 44 45 35 33 36 32 30 43 45 36 30 41 | F41D32DE53620CE60A
   32 37 32 36 42 39 34 37 42 42 34 42 45 36 44 35 38 42 | 2726B947BB4BE6D58B
   32 46 43 34 34 32 35 38 45 42 43 35 41 39 35 41 32 38 | 2FC44258EBC5A95A28
   32 36 46 36 31 42 44 31 43 44 43 32 32 31 44 32 39 34 | 26F61BD1CDC221D294
   36 42 32 38 41 39 30 30 39 36 39 42 42 45 31 32 39 42 | 6B28A900969BBE129B
   46 41 43 31 34 43 37 33 39 34 38 38 30 39 44 30 37 36 | FAC14C73948809D076
   30 32 38 33 38 38 31 37 46 38 42 36 44 36 45 46 41 45 | 02838817F8B6D6EFAE
   44 35 39 34 36 37 35 39 39 33 30 46 38 34 42 31 43 33 | D5946759930F84B1C3
   34 37 32 37 31 35 43 39 32 32 30 30 42 41 36 41 33 42 | 472715C92200BA6A3B
   46 34 38 32 46 36 31 32 30 38 36 35 44 38 31 34 42 35 | F482F6120865D814B5
   35 43 37 46 41 36 41 36 45 45 38 44 35 44 39 30 30 41 | 5C7FA6A6EE8D5D900A
   45 43 36 33 37 35 41 35 41 31 41 33 37 32 36 35 37 41 | EC6375A5A1A372657A
   37 38 44 44 33 37 39 43 36 39 41 36 35 37 45 34 44 33 | 78DD379C69A657E4D3
   33 42 46 36 39 39 39 34 39 45 31 46 38 36 46 33 35 38 | 3BF699949E1F86F358
   41 41 33 36 42 46 33 44 45 34 32 42 39 41 34 39 46 33 | AA36BF3DE42B9A49F3
   37 32 31 43 37 44 35 42 41 44 44 39 41 42 45 30 46 39 | 721C7D5BADD9ABE0F9
   42 36 35 39 39 44 42 44 32 41 36 42 38 42 45 32 34 43 | B6599DBD2A6B8BE24C
   37 34 46 43 43 38 37 41 46 42 43 35 35 38 31 34 46 43 | 74FCC87AFBC55814FC
   33 43 43 33 37 33 42 31 44 44 44 45 35 42 30 41 45 36 | 3CC373B1DDDE5B0AE6
   31 42 39 32 31 39 42 34 33 44 42 41 44 36 38 38 43 30 | 1B9219B43DBAD688C0
   41 46 30 36 31 31 42 36 36 46 33 32 34 34 41 34 31 32 | AF0611B66F3244A412
   37 31 38 39 36 36 42 35 32 30 45 33 37 38 35 36 37 38 | 718966B520E3785678
   32 41 41 39 43 30 32 43                               | 2AA9C02C

[2012-09-25 19:04:06] Handler: Client '3483227' disconnected from LoginServer
[2012-09-25 19:05:21] Handler: LoginServer listening on port 7979
[2012-09-25 19:05:21] Handler: ShardServer listening on port 20060
[2012-09-25 19:05:21] Handler: TimeServer listening on port 20066
[2012-09-25 19:05:21] Handler: PlatformServer listening on port 8080
[2012-09-25 19:05:32] Handler: LoginServer listening on port 7979
[2012-09-25 19:05:32] Handler: ShardServer listening on port 20060
[2012-09-25 19:05:32] Handler: TimeServer listening on port 20066
[2012-09-25 19:05:32] Handler: PlatformServer listening on port 8080
[2012-09-25 19:05:40] Handler: Client '9169933' connected to LoginServer
[2012-09-25 19:05:40] Router: 
   04 0A 04 00 00 0A 7F 01 00 00 33 46 36 33 33 36 32 45 | ..........3F63362E
   34 36 46 37 35 33 33 44 42 31 30 42 36 46 46 45 37 42 | 46F7533DB10B6FFE7B
   38 31 44 30 31 30 30 42 36 35 44 39 31 32 34 46 44 36 | 81D0100B65D9124FD6
   32 39 30 35 38 32 32 33 30 33 44 32 35 45 36 32 32 34 | 2905822303D25E6224
   31 44 46 38 33 46 38 30 37 38 33 39 34 30 39 45 44 39 | 1DF83F807839409ED9
   46 46 41 34 41 37 43 36 38 46 31 36 31 45 36 41 38 37 | FFA4A7C68F161E6A87
   46 38 38 43 35 46 36 45 43 42 35 35 30 39 38 33 32 41 | F88C5F6ECB5509832A
   36 33 38 35 42 37 39 30 43 30 41 30 32 39 38 45 39 32 | 6385B790C0A0298E92
   44 33 34 41 44 43 37 46 34 43 45 41 43 37 38 32 43 41 | D34ADC7F4CEAC782CA
   33 38 38 31 31 32 42 35 37 44 43 37 36 31 37 45 46 36 | 388112B57DC7617EF6
   42 45 42 43 38 36 35 31 38 41 41 31 46 34 44 34 31 46 | BEBC86518AA1F4D41F
   42 46 46 35 45 45 35 39 35 39 34 41 42 39 45 42 35 42 | BFF5EE59594AB9EB5B
   34 36 46 38 38 43 39 30 32 35 41 43 36 33 42 36 44 35 | 46F88C9025AC63B6D5
   30 38 35 46 42 30 33 46 43 32 41 46 42 35 31 36 41 31 | 085FB03FC2AFB516A1
   30 44 42 33 37 45 31 39 39 34 42 38 38 30 33 35 38 43 | 0DB37E1994B880358C
   35 45 45 37 46 45 38 37 32 41 36 32 37 46 38 39 38 35 | 5EE7FE872A627F8985
   31 46 39 41 45 30 35 30 31 43 45 37 38 39 45 42 37 43 | 1F9AE0501CE789EB7C
   43 32 46 44 30 33 33 32 31 43 32 36 45 35 31 30 35 37 | C2FD03321C26E51057
   38 46 32 39 32 43 32 32 31 39 45 39 35 42 37 33 42 38 | 8F292C2219E95B73B8
   36 41 34 37 30 37 42 30 38 44 31 38 33 31 38 30 38 35 | 6A4707B08D18318085
   34 37 32 43 32 45 31 42 44 38 36 41 32 46 35 39 30 39 | 472C2E1BD86A2F5909
   35 32 35 36 33 30 34 42 32 35 38 35 44 39 39 41 37 42 | 5256304B2585D99A7B
   43 36 37 41 39 43 37 41 32 43 36 41 39 39 39 36 39 35 | C67A9C7A2C6A999695
   44 42 39 32 38 39 42 45 46 34 45 37 34 33 31 37 37 34 | DB9289BEF4E7431774
   38 36 34 36 35 42 46 34 35 45 41 45 33 33 32 41 33 42 | 86465BF45EAE332A3B
   32 44 42 37 36 46 32 45 43 43 41 41 44 30 33 43 31 42 | 2DB76F2ECCAAD03C1B
   30 36 43 32 36 33 37 39 31 35 37 42 32 39 31 45 46 31 | 06C26379157B291EF1
   31 30 35 37 33 37 34 38 37 31 46 36 42 38 42 44 33 33 | 1057374871F6B8BD33
   31 41 32 34 36 36 38 42 35 41 31 30 38 35 34 41 35 34 | 1A24668B5A10854A54
   42 31 38 32 35 30 39 31 46 43 39 45 30 30 42 32 42 39 | B1825091FC9E00B2B9
   34 37 38 46 43 41 32 33 34 39 36 42 30 43 39 44 41 42 | 478FCA23496B0C9DAB
   37 32 43 44 37 34 37 46 35 30 32 35 35 32 32 32 35 41 | 72CD747F502552225A
   46 32 46 34 30 44 42 46 45 32 42 39 44 41 35 36 37 32 | F2F40DBFE2B9DA5672
   31 38 38 35 30 33 36 41 41 39 41 46 39 35 35 36 41 33 | 1885036AA9AF9556A3
   39 32 31 34 38 38 36 33 39 36 42 32 33 32 34 36 35 36 | 9214886396B2324656
   46 34 37 30 37 34 30 31 44 35 41 37 30 38 36 37 32 37 | F4707401D5A7086727
   38 42 37 43 46 46 37 35 36 34 39 33 42 46 44 38 38 39 | 8B7CFF756493BFD889
   32 46 46 34 32 45 39 31 38 39 36 36 46 30 42 31 37 44 | 2FF42E918966F0B17D
   35 46 45 41 44 33 45 46 43 46 41 36 31 43 42 42 37 42 | 5FEAD3EFCFA61CBB7B
   44 42 46 34 31 35 41 37 41 30 37 41 32 35 33 43 46 32 | DBF415A7A07A253CF2
   34 39 41 31 37 38 44 37 42 45 30 39 34 38 42 35 38 41 | 49A178D7BE0948B58A
   32 32 45 41 35 34 41 41 44 31 42 34 46 32 42 36 39 38 | 22EA54AAD1B4F2B698
   30 36 44 32 46 34 41 30 32 30 39 30 39 31 39 33 41 37 | 06D2F4A020909193A7
   36 33 37 33 43 33 34 35 43 43 43 36 35 38 44 37 46 33 | 6373C345CCC658D7F3
   31 33 30 32 38 42 36 44 41 41 41 35 32 36 31 34 34 45 | 13028B6DAAA526144E
   36 46 46 31 43 35 41 34 33 41 36 38 43 46 35 42 36 31 | 6FF1C5A43A68CF5B61
   45 33 42 42 38 39 42 37 32 36 46 32 30 41 35 43 45 42 | E3BB89B726F20A5CEB
   39 30 31 33 31 36 38 32 45 42 32 41 30 43 35 43 45 33 | 90131682EB2A0C5CE3
   37 32 37 39 43 42 30 34 41 33 43 43 33 33 34 31 35 41 | 7279CB04A3CC33415A
   46 45 32 39 45 41 35 45 42 44 36 38 46 38 39 45 45 30 | FE29EA5EBD68F89EE0
   32 41 30 43 30 42 31 45 36 33 39 34 36 39 39 35 34 35 | 2A0C0B1E6394699545
   36 33 43 46 30 32 45 36 33 32 44 34 36 38 35 42 30 34 | 63CF02E632D4685B04
   31 32 41 36 30 38 31 41 32 33 42 32 30 31 32 31 42 30 | 12A6081A23B20121B0
   41 32 33 33 35 37 37 33 45 46 36 44 34 30 38 37 31 30 | A2335773EF6D408710
   37 39 32 43 43 42 43 35 41 44 37 44 38 44 34 35 33 44 | 792CCBC5AD7D8D453D
   37 36 45 30 38 36 42 31 39 38 45 33 37 39 31 46 33 45 | 76E086B198E3791F3E
   46 38 34 45 30 42 38 33 44 38 39 34 43 45 32 38 35 34 | F84E0B83D894CE2854
   32 37 37 44 33 34 41 42                               | 277D34AB

[2012-09-25 19:05:50] Handler: LoginServer listening on port 7979
[2012-09-25 19:05:50] Handler: ShardServer listening on port 20060
[2012-09-25 19:05:50] Handler: TimeServer listening on port 20066
[2012-09-25 19:05:50] Handler: PlatformServer listening on port 8080
[2012-09-25 19:05:52] Handler: Client '7226889' connected to LoginServer
[2012-09-25 19:05:52] Router: 
   04 0A 04 00 00 0A 7F 01 00 00 41 33 31 39 37 43 43 33 | ..........A3197CC3
   38 43 30 38 35 41 45 41 30 46 38 39 39 39 45 31 44 35 | 8C085AEA0F8999E1D5
   38 34 37 44 33 33 37 46 35 31 34 45 41 39 36 42 44 36 | 847D337F514EA96BD6
   45 33 41 37 38 30 33 46 34 41 38 45 32 43 35 31 45 44 | E3A7803F4A8E2C51ED
   42 31 41 45 35 33 39 31 46 41 39 45 44 43 38 31 41 42 | B1AE5391FA9EDC81AB
   35 41 46 35 35 31 39 46 37 38 42 34 32 36 34 42 37 45 | 5AF5519F78B4264B7E
   34 38 46 32 46 45 39 36 38 31 33 41 39 36 41 36 35 32 | 48F2FE96813A96A652
   36 31 41 33 44 42 44 32 36 41 33 45 35 42 45 31 36 37 | 61A3DBD26A3E5BE167
   31 30 31 37 36 46 43 32 43 35 30 39 35 45 44 30 43 45 | 10176FC2C5095ED0CE
   37 33 34 31 30 32 45 34 30 36 38 38 43 42 31 36 35 33 | 734102E40688CB1653
   32 41 43 43 44 45 37 37 36 35 33 35 34 33 43 34 41 34 | 2ACCDE77653543C4A4
   33 35 33 33 31 33 37 36 37 31 38 38 30 34 32 33 41 45 | 3533137671880423AE
   32 39 37 39 31 38 34 44 34 30 46 35 39 44 33 35 38 42 | 2979184D40F59D358B
   41 36 33 36 44 44 36 39 34 33 35 43 38 33 39 36 33 46 | A636DD69435C83963F
   39 35 34 42 38 44 35 38 30 39 31 46 32 37 41 36 46 38 | 954B8D58091F27A6F8
   34 36 46 33 34 44 31 34 30 30 46 38 35 44 42 38 45 45 | 46F34D1400F85DB8EE
   43 43 32 46 30 30 30 30 46 42 31 36 42 36 46 44 30 30 | CC2F0000FB16B6FD00
   43 30 32 33 45 30 31 43 30 36 32 42 37 42 33 45 43 39 | C023E01C062B7B3EC9
   30 34 43 41 41 36 36 43 33 38 37 43 34 38 37 36 32 43 | 04CAA66C387C48762C
   38 42 45 44 39 37 37 30 37 32 39 46 32 30 43 46 42 43 | 8BED9770729F20CFBC
   35 31 30 34 32 44 37 35 39 33 34 33 36 42 32 45 45 38 | 51042D7593436B2EE8
   31 30 33 34 43 31 41 32 31 45 45 46 32 36 34 33 39 41 | 1034C1A21EEF26439A
   32 45 38 41 38 41 31 33 39 37 42 45 38 33 34 38 46 32 | 2E8A8A1397BE8348F2
   41 31 31 32 42 36 38 32 33 32 32 44 30 43 35 38 36 34 | A112B682322D0C5864
   43 38 37 32 45 32 38 44 45 45 30 37 32 30 39 33 33 36 | C872E28DEE07209336
   43 33 31 41 45 33 46 33 34 33 46 43 44 43 30 35 39 33 | C31AE3F343FCDC0593
   32 43 36 41 44 34 38 45 34 37 43 46 45 43 46 44 43 34 | 2C6AD48E47CFECFDC4
   36 36 41 34 35 45 32 44 32 33 33 39 35 30 37 39 45 32 | 66A45E2D23395079E2
   41 36 46 36 36 39 35 38 42 45 43 39 30 44 46 36 43 42 | A6F66958BEC90DF6CB
   30 31 31 39 32 39 32 36 35 32 31 31 35 36 35 30 42 35 | 0119292652115650B5
   43 39 42 38 42 37 41 42 41 37 39 38 42 37 32 37 33 37 | C9B8B7ABA798B72737
   30 41 34 32 42 35 36 44 38 35 34 32 33 46 30 46 31 34 | 0A42B56D85423F0F14
   32 45 44 44 31 36 31 32 35 38 38 32 44 32 34 31 30 44 | 2EDD16125882D2410D
   43 30 30 43 30 30 41 36 37 46 45 44 45 31 32 37 34 32 | C00C00A67FEDE12742
   33 41 45 36 44 32 46 32 38 30 36 44 39 45 45 46 38 46 | 3AE6D2F2806D9EEF8F
   42 39 34 37 44 31 42 32 41 37 33 30 32 38 38 43 37 41 | B947D1B2A730288C7A
   35 32 37 36 37 31 38 31 41 45 34 30 34 34 39 35 33 43 | 52767181AE4044953C
   43 30 33 39 33 45 43 46 44 44 44 39 42 34 43 30 32 32 | C0393ECFDDD9B4C022
   44 42 35 39 32 45 43 33 32 33 35 41 30 44 43 36 33 44 | DB592EC3235A0DC63D
   39 37 39 43 44 42 41 45 30 45 44 35 38 44 43 30 45 43 | 979CDBAE0ED58DC0EC
   35 38 33 44 46 36 45 32 39 45 45 32 33 30 44 32 30 43 | 583DF6E29EE230D20C
   34 43 38 35 32 33 45 45 32 34 33 31 37 42 33 42 37 32 | 4C8523EE24317B3B72
   42 44 41 41 45 46 35 39 33 38 32 32 44 30 41 44 45 30 | BDAAEF593822D0ADE0
   32 35 33 30 32 45 37 31 36 36 44 44 38 33 41 39 35 43 | 25302E7166DD83A95C
   33 42 31 33 45 45 36 42 36 36 42 31 30 38 30 45 41 32 | 3B13EE6B66B1080EA2
   46 46 44 39 30 34 43 41 39 32 32 36 41 38 34 36 32 36 | FFD904CA9226A84626
   43 46 45 37 41 33 39 45 37 42 46 37 32 39 39 32 42 39 | CFE7A39E7BF72992B9
   34 31 41 34 42 46 33 43 32 46 34 38 44 39 33 31 44 39 | 41A4BF3C2F48D931D9
   41 43 43 34 31 31 34 46 39 42 38 46 44 44 30 42 31 35 | ACC4114F9B8FDD0B15
   41 42 39 32 44 46 31 42 38 41 37 31 32 31 34 33 31 38 | AB92DF1B8A71214318
   39 30 30 36 42 44 35 38 42 37 44 45 31 30 42 37 33 43 | 9006BD58B7DE10B73C
   35 38 31 30 36 42 42 39 41 43 41 39 42 33 38 31 41 33 | 58106BB9ACA9B381A3
   37 37 30 46 36 39 39 38 46 33 37 44 33 31 33 32 31 36 | 770F6998F37D313216
   35 34 44 38 42 46 31 31 36 44 44 42 44 32 36 41 37 46 | 54D8BF116DDBD26A7F
   39 30 36 46 31 31 36 35 41 34 37 44 38 31 31 46 32 37 | 906F1165A47D811F27
   41 41 35 41 34 36 33 42 42 39 38 41 35 38 36 37 30 39 | AA5A463BB98A586709
   46 45 42 43 39 30 37 36 39 39 41 42 39 37 46 37 35 33 | FEBC907699AB97F753
   33 38 30 33 45 45 35 44                               | 3803EE5D

[2012-09-25 19:06:03] Handler: LoginServer listening on port 7979
[2012-09-25 19:06:03] Handler: ShardServer listening on port 20060
[2012-09-25 19:06:03] Handler: TimeServer listening on port 20066
[2012-09-25 19:06:03] Handler: PlatformServer listening on port 8080
[2012-09-25 19:06:12] Handler: Client '7889688' connected to LoginServer
[2012-09-25 19:06:12] Router: 
   04 0A 04 00 00 0A 7F 01 00 00 38 46 37 45 30 45 42 39 | ..........8F7E0EB9
   45 39 35 46 31 41 37 39 33 32 39 35 35 45 43 37 32 38 | E95F1A7932955EC728
   38 30 31 31 39 38 33 46 45 45 31 45 32 35 45 30 43 31 | 8011983FEE1E25E0C1
   31 45 31 36 42 46 30 38 41 35 30 35 42 42 42 34 42 38 | 1E16BF08A505BBB4B8
   35 46 33 32 36 41 37 31 46 36 36 38 42 36 36 44 34 38 | 5F326A71F668B66D48
   38 38 30 39 45 44 43 31 32 41 43 33 31 41 30 34 31 35 | 8809EDC12AC31A0415
   39 41 42 39 31 46 33 30 32 43 37 30 42 38 37 31 31 36 | 9AB91F302C70B87116
   38 41 34 33 30 43 36 45 44 33 32 33 35 38 39 34 39 34 | 8A430C6ED323589494
   39 37 34 30 38 44 42 33 41 35 45 37 39 37 30 32 38 39 | 97408DB3A5E7970289
   33 46 37 31 38 37 41 32 37 33 44 43 30 38 45 37 41 45 | 3F7187A273DC08E7AE
   37 45 35 30 34 37 37 42 36 37 41 46 45 30 37 41 43 32 | 7E50477B67AFE07AC2
   44 33 35 34 42 35 45 45 30 33 31 34 32 34 41 45 39 36 | D354B5EE031424AE96
   39 34 43 35 35 45 35 45 37 34 37 39 39 41 38 34 46 38 | 94C55E5E74799A84F8
   39 41 31 33 33 37 33 42 34 36 43 45 31 42 37 38 37 30 | 9A13373B46CE1B7870
   33 37 46 36 37 44 41 38 45 44 41 42 46 37 44 45 42 30 | 37F67DA8EDABF7DEB0
   30 43 36 43 41 44 46 39 33 42 43 32 34 41 34 41 44 46 | 0C6CADF93BC24A4ADF
   39 36 44 32 37 34 38 42 34 45 30 31 31 35 41 38 41 34 | 96D2748B4E0115A8A4
   36 37 46 30 34 42 33 36 42 31 45 32 43 39 39 33 37 33 | 67F04B36B1E2C99373
   42 32 43 43 37 46 46 43 38 35 31 44 46 34 36 34 31 42 | B2CC7FFC851DF4641B
   39 46 32 32 33 39 35 33 45 30 33 41 41 32 35 32 38 32 | 9F223953E03AA25282
   35 36 32 38 33 43 37 37 32 38 44 44 34 45 33 35 33 42 | 56283C7728DD4E353B
   45 31 43 35 37 30 41 45 46 37 39 37 31 41 46 42 37 45 | E1C570AEF7971AFB7E
   41 45 31 31 46 30 31 46 45 45 33 37 32 42 35 42 34 39 | AE11F01FEE372B5B49
   36 34 34 35 30 42 46 39 33 37 45 41 35 34 45 37 39 39 | 64450BF937EA54E799
   39 32 30 36 44 45 38 32 38 31 33 42 30 39 30 43 31 44 | 9206DE82813B090C1D
   39 32 35 41 35 34 36 33 38 45 37 31 43 39 33 35 42 32 | 925A54638E71C935B2
   39 33 46 37 34 30 31 39 46 44 37 39 36 43 33 30 39 39 | 93F74019FD796C3099
   34 30 30 36 32 43 36 42 45 31 34 32 37 45 42 42 45 31 | 40062C6BE1427EBBE1
   41 38 36 34 37 32 45 45 34 31 41 37 30 43 46 32 44 33 | A86472EE41A70CF2D3
   35 30 39 44 37 32 34 37 34 37 44 38 32 42 39 34 32 30 | 509D724747D82B9420
   37 39 30 44 41 38 35 31 36 44 41 30 30 42 43 35 45 34 | 790DA8516DA00BC5E4
   43 41 46 33 37 36 38 34 32 34 43 37 41 43 33 44 45 41 | CAF3768424C7AC3DEA
   38 44 42 44 46 46 34 36 38 45 31 43 43 32 44 33 34 41 | 8DBDFF468E1CC2D34A
   43 34 36 41 41 32 31 44 36 45 36 41 45 38 44 30 34 38 | C46AA21D6E6AE8D048
   46 45 35 33 39 42 33 35 43 38 39 38 33 30 39 44 34 41 | FE539B35C898309D4A
   34 38 37 32 35 37 31 46 36 43 30 32 35 39 39 46 45 43 | 4872571F6C02599FEC
   37 41 31 35 36 43 34 37 45 39 42 31 37 35 35 39 30 37 | 7A156C47E9B1755907
   43 42 34 35 35 33 34 43 46 32 42 35 36 38 33 43 32 43 | CB45534CF2B5683C2C
   39 38 36 34 36 44 35 33 44 38 46 30 34 32 44 34 37 38 | 98646D53D8F042D478
   39 39 30 30 38 39 42 45 30 39 34 37 41 39 42 36 45 41 | 990089BE0947A9B6EA
   34 31 36 46 42 34 39 34 38 32 45 41 41 46 32 33 43 43 | 416FB49482EAAF23CC
   41 34 46 34 30 36 30 35 41 34 37 36 31 41 39 32 32 33 | A4F40605A4761A9223
   31 34 41 35 35 36 37 43 44 43 31 32 32 46 43 43 45 42 | 14A5567CDC122FCCEB
   46 32 30 46 46 32 31 42 35 36 41 35 44 43 31 35 34 34 | F20FF21B56A5DC1544
   30 44 41 43 38 39 39 35 39 36 38 32 45 35 31 32 35 42 | 0DAC89959682E5125B
   41 37 41 44 30 42 45 43 43 31 38 38 37 32 36 45 30 30 | A7AD0BECC188726E00
   45 44 39 43 38 36 37 31 37 34 38 32 39 39 42 42 41 41 | ED9C8671748299BBAA
   36 32 43 35 39 37 35 30 42 41 43 35 41 35 38 42 34 35 | 62C59750BAC5A58B45
   41 34 39 30 35 44 38 38 44 31 45 32 31 39 42 39 35 45 | A4905D88D1E219B95E
   36 34 46 43 34 42 32 38 33 46 46 30 34 44 37 45 30 42 | 64FC4B283FF04D7E0B
   32 42 35 33 33 33 33 37 32 43 34 30 42 46 30 32 35 39 | 2B5333372C40BF0259
   38 38 42 42 33 42 36 30 31 37 34 45 31 45 39 36 39 44 | 88BB3B60174E1E969D
   45 31 35 36 42 34 43 39 33 31 36 32 45 36 33 44 35 34 | E156B4C93162E63D54
   43 34 43 38 45 45 33 42 30 45 36 43 38 44 34 39 45 42 | C4C8EE3B0E6C8D49EB
   34 35 31 34 44 31 39 38 45 42 43 43 39 41 39 37 42 38 | 4514D198EBCC9A97B8
   42 45 36 32 43 44 46 32 37 46 33 42 33 32 33 39 43 31 | BE62CDF27F3B3239C1
   34 37 41 45 46 35 43 41 37 32 45 35 38 32 30 30 34 44 | 47AEF5CA72E582004D
   44 37 30 46 43 41 36 34                               | D70FCA64

[2012-09-25 19:06:46] Handler: LoginServer listening on port 7979
[2012-09-25 19:06:46] Handler: ShardServer listening on port 20060
[2012-09-25 19:06:46] Handler: TimeServer listening on port 20066
[2012-09-25 19:06:46] Handler: PlatformServer listening on port 8080
[2012-09-25 19:06:49] Handler: Client '1753759' connected to LoginServer
[2012-09-25 19:06:49] Router: 
   04 0A 04 00 00 0A 7F 01 00 00 34 32 41 36 41 32 42 44 | ..........42A6A2BD
   35 46 35 37 35 42 37 42 36 37 38 43 45 38 31 45 42 30 | 5F575B7B678CE81EB0
   43 30 34 33 38 31 31 46 42 46 31 30 37 31 30 38 45 30 | C043811FBF107108E0
   37 46 44 46 36 46 30 34 36 44 37 33 41 44 36 46 44 32 | 7FDF6F046D73AD6FD2
   36 41 39 34 30 35 32 42 38 38 33 45 43 39 43 38 33 46 | 6A94052B883EC9C83F
   46 31 34 46 43 31 42 35 34 33 37 34 36 37 32 42 31 41 | F14FC1B54374672B1A
   33 37 44 46 33 33 34 42 33 31 43 42 35 31 37 42 43 43 | 37DF334B31CB517BCC
   43 42 34 46 34 38 30 30 32 44 33 45 37 46 46 46 34 46 | CB4F48002D3E7FFF4F
   33 42 39 41 32 36 31 35 41 41 35 45 44 39 43 31 44 45 | 3B9A2615AA5ED9C1DE
   43 35 34 35 35 30 33 44 33 43 34 36 34 30 31 42 38 45 | C545503D3C46401B8E
   36 31 37 38 41 31 42 33 34 33 39 31 41 38 34 34 39 42 | 6178A1B34391A8449B
   38 30 38 37 41 42 31 41 31 45 39 45 46 45 41 36 32 33 | 8087AB1A1E9EFEA623
   39 45 44 33 39 36 34 38 45 45 32 39 34 31 31 35 31 44 | 9ED39648EE2941151D
   36 45 39 32 30 46 33 43 38 46 39 37 30 36 39 30 39 31 | 6E920F3C8F97069091
   34 35 32 41 30 46 41 32 41 38 41 45 44 32 46 41 37 46 | 452A0FA2A8AED2FA7F
   43 32 33 32 44 37 45 36 32 32 37 37 42 37 31 33 39 32 | C232D7E62277B71392
   41 31 46 38 42 45 43 31 42 41 31 32 39 43 32 36 36 43 | A1F8BEC1BA129C266C
   46 38 34 33 39 44 36 43 41 33 41 43 41 46 30 46 32 30 | F8439D6CA3ACAF0F20
   38 44 32 42 36 32 39 46 36 36 33 38 39 31 45 30 30 36 | 8D2B629F663891E006
   32 33 38 42 31 31 38 39 30 35 43 33 33 44 34 43 39 39 | 238B118905C33D4C99
   37 37 32 43 42 45 30 32 35 32 33 41 37 37 44 30 36 44 | 772CBE02523A77D06D
   30 39 36 39 30 42 45 37 45 33 30 44 37 34 35 30 34 35 | 09690BE7E30D745045
   38 44 35 46 39 45 30 43 39 45 38 36 38 38 44 45 39 35 | 8D5F9E0C9E8688DE95
   35 30 30 41 30 39 37 32 35 36 36 44 38 43 33 39 30 30 | 500A0972566D8C3900
   41 30 45 45 31 39 39 31 34 38 45 36 31 46 38 46 42 33 | A0EE199148E61F8FB3
   30 44 34 31 38 38 38 31 39 32 36 44 33 30 45 35 43 37 | 0D418881926D30E5C7
   42 45 36 42 36 31 46 33 42 34 39 32 46 37 41 33 31 38 | BE6B61F3B492F7A318
   33 32 30 36 39 44 32 33 37 43 37 46 36 34 33 35 36 32 | 32069D237C7F643562
   45 30 46 35 43 41 42 33 43 42 44 43 31 46 43 41 43 39 | E0F5CAB3CBDC1FCAC9
   34 33 39 31 37 44 35 30 41 37 45 39 45 45 42 32 41 30 | 43917D50A7E9EEB2A0
   43 34 38 45 46 34 33 30 46 31 37 44 32 46 30 34 32 45 | C48EF430F17D2F042E
   30 41 42 34 37 35 38 41 42 35 39 37 46 38 35 46 32 42 | 0AB4758AB597F85F2B
   35 39 42 39 30 39 46 32 46 35 38 32 32 43 45 33 42 42 | 59B909F2F5822CE3BB
   41 46 42 32 39 30 43 36 38 31 43 33 36 34 46 31 30 42 | AFB290C681C364F10B
   44 44 31 41 41 39 43 38 44 34 43 33 37 39 30 30 33 44 | DD1AA9C8D4C379003D
   33 44 33 36 35 36 33 41 33 36 39 45 33 30 39 45 34 38 | 3D36563A369E309E48
   45 32 31 31 43 35 35 30 30 42 45 42 32 31 32 37 32 38 | E211C5500BEB212728
   42 31 45 36 36 35 38 43 39 43 45 46 38 46 37 35 32 45 | B1E6658C9CEF8F752E
   32 36 44 34 35 38 33 42 32 36 45 33 32 31 41 41 44 46 | 26D4583B26E321AADF
   43 38 32 34 32 43 45 34 30 43 38 42 45 46 46 31 38 32 | C8242CE40C8BEFF182
   35 43 34 35 30 42 36 37 41 36 34 35 38 31 44 42 38 31 | 5C450B67A64581DB81
   42 42 30 43 46 38 34 34 41 46 43 42 31 41 36 35 45 42 | BB0CF844AFCB1A65EB
   41 30 37 38 38 42 45 30 41 46 43 33 44 31 46 31 45 46 | A0788BE0AFC3D1F1EF
   37 45 34 30 39 42 31 45 38 42 31 31 44 30 42 32 33 38 | 7E409B1E8B11D0B238
   41 41 32 41 31 39 39 33 36 30 37 44 33 32 30 43 39 35 | AA2A1993607D320C95
   33 34 32 39 32 30 37 32 46 37 45 44 42 42 38 46 41 46 | 34292072F7EDBB8FAF
   44 46 33 44 45 37 44 32 31 41 34 46 42 37 43 31 36 30 | DF3DE7D21A4FB7C160
   39 37 46 36 31 38 44 41 35 32 42 41 46 41 38 36 34 45 | 97F618DA52BAFA864E
   38 31 33 35 32 35 38 44 31 31 37 35 34 33 38 33 31 45 | 8135258D117543831E
   36 42 31 34 31 31 45 44 37 38 33 43 45 42 32 41 39 36 | 6B1411ED783CEB2A96
   35 30 46 31 46 34 41 44 37 44 30 33 36 45 46 32 31 43 | 50F1F4AD7D036EF21C
   30 44 39 35 42 32 33 45 46 31 31 36 35 37 44 31 36 33 | 0D95B23EF11657D163
   43 37 45 34 45 43 42 33 43 34 33 38 35 44 44 37 41 32 | C7E4ECB3C4385DD7A2
   33 30 33 37 45 43 32 43 35 43 35 32 42 46 42 41 30 41 | 3037EC2C5C52BFBA0A
   30 31 33 44 43 33 31 37 44 37 39 38 41 33 34 41 38 34 | 013DC317D798A34A84
   44 35 37 31 41 32 31 45 38 45 44 39 32 30 42 34 39 39 | D571A21E8ED920B499
   36 34 41 41 33 34 35 33 30 35 34 36 35 46 41 41 37 42 | 64AA345305465FAA7B
   30 30 37 39 38 46 39 42                               | 00798F9B

